[debug] [2022-08-01T03:04:54.317Z] ----------------------------------------------------------------------
[debug] [2022-08-01T03:04:54.318Z] Command:       /Users/michaelpineiro/.nvm/versions/node/v16.16.0/bin/node /usr/local/bin/firebase deploy --only functions
[debug] [2022-08-01T03:04:54.318Z] CLI Version:   11.4.0
[debug] [2022-08-01T03:04:54.318Z] Platform:      darwin
[debug] [2022-08-01T03:04:54.318Z] Node Version:  v16.16.0
[debug] [2022-08-01T03:04:54.319Z] Time:          Sun Jul 31 2022 21:04:54 GMT-0600 (Mountain Daylight Time)
[debug] [2022-08-01T03:04:54.319Z] ----------------------------------------------------------------------
[debug] 
[debug] [2022-08-01T03:04:54.351Z] > command requires scopes: ["email","openid","https://www.googleapis.com/auth/cloudplatformprojects.readonly","https://www.googleapis.com/auth/firebase","https://www.googleapis.com/auth/cloud-platform"]
[debug] [2022-08-01T03:04:54.351Z] > authorizing via signed-in user (mikeypineiro@gmail.com)
[debug] [2022-08-01T03:04:54.351Z] [iam] checking project functions-bank for permissions ["cloudfunctions.functions.create","cloudfunctions.functions.delete","cloudfunctions.functions.get","cloudfunctions.functions.list","cloudfunctions.functions.update","cloudfunctions.operations.get","firebase.projects.get"]
[debug] [2022-08-01T03:04:54.352Z] >>> [apiv2][query] POST https://cloudresourcemanager.googleapis.com/v1/projects/functions-bank:testIamPermissions [none]
[debug] [2022-08-01T03:04:54.352Z] >>> [apiv2][(partial)header] POST https://cloudresourcemanager.googleapis.com/v1/projects/functions-bank:testIamPermissions x-goog-quota-user=projects/functions-bank
[debug] [2022-08-01T03:04:54.352Z] >>> [apiv2][body] POST https://cloudresourcemanager.googleapis.com/v1/projects/functions-bank:testIamPermissions {"permissions":["cloudfunctions.functions.create","cloudfunctions.functions.delete","cloudfunctions.functions.get","cloudfunctions.functions.list","cloudfunctions.functions.update","cloudfunctions.operations.get","firebase.projects.get"]}
[debug] [2022-08-01T03:04:54.563Z] <<< [apiv2][status] POST https://cloudresourcemanager.googleapis.com/v1/projects/functions-bank:testIamPermissions 200
[debug] [2022-08-01T03:04:54.563Z] <<< [apiv2][body] POST https://cloudresourcemanager.googleapis.com/v1/projects/functions-bank:testIamPermissions {"permissions":["cloudfunctions.functions.create","cloudfunctions.functions.delete","cloudfunctions.functions.get","cloudfunctions.functions.list","cloudfunctions.functions.update","cloudfunctions.operations.get","firebase.projects.get"]}
[debug] [2022-08-01T03:04:54.564Z] >>> [apiv2][query] POST https://iam.googleapis.com/v1/projects/functions-bank/serviceAccounts/functions-bank@appspot.gserviceaccount.com:testIamPermissions [none]
[debug] [2022-08-01T03:04:54.564Z] >>> [apiv2][body] POST https://iam.googleapis.com/v1/projects/functions-bank/serviceAccounts/functions-bank@appspot.gserviceaccount.com:testIamPermissions {"permissions":["iam.serviceAccounts.actAs"]}
[debug] [2022-08-01T03:04:54.756Z] <<< [apiv2][status] POST https://iam.googleapis.com/v1/projects/functions-bank/serviceAccounts/functions-bank@appspot.gserviceaccount.com:testIamPermissions 200
[debug] [2022-08-01T03:04:54.756Z] <<< [apiv2][body] POST https://iam.googleapis.com/v1/projects/functions-bank/serviceAccounts/functions-bank@appspot.gserviceaccount.com:testIamPermissions {"permissions":["iam.serviceAccounts.actAs"]}
[info] 
[info] === Deploying to 'functions-bank'...
[info] 
[info] i  deploying functions 
[debug] [2022-08-01T03:04:54.759Z] >>> [apiv2][query] GET https://firebase.googleapis.com/v1beta1/projects/functions-bank [none]
[debug] [2022-08-01T03:04:54.950Z] <<< [apiv2][status] GET https://firebase.googleapis.com/v1beta1/projects/functions-bank 200
[debug] [2022-08-01T03:04:54.951Z] <<< [apiv2][body] GET https://firebase.googleapis.com/v1beta1/projects/functions-bank {"projectId":"functions-bank","projectNumber":"87983874345","displayName":"functions-bank","name":"projects/functions-bank","resources":{"hostingSite":"functions-bank","realtimeDatabaseInstance":"functions-bank-default-rtdb","storageBucket":"functions-bank.appspot.com","locationId":"us-central"},"state":"ACTIVE","etag":"1_ce004374-0b88-4c0f-90cc-ba4e8b888c7c"}
[info] i  functions: ensuring required API cloudfunctions.googleapis.com is enabled... 
[info] i  functions: ensuring required API cloudbuild.googleapis.com is enabled... 
[info] i  artifactregistry: ensuring required API artifactregistry.googleapis.com is enabled... 
[debug] [2022-08-01T03:04:54.953Z] >>> [apiv2][query] GET https://serviceusage.googleapis.com/v1/projects/functions-bank/services/cloudfunctions.googleapis.com [none]
[debug] [2022-08-01T03:04:54.955Z] >>> [apiv2][query] GET https://serviceusage.googleapis.com/v1/projects/functions-bank/services/runtimeconfig.googleapis.com [none]
[debug] [2022-08-01T03:04:54.956Z] >>> [apiv2][query] GET https://serviceusage.googleapis.com/v1/projects/functions-bank/services/cloudbuild.googleapis.com [none]
[debug] [2022-08-01T03:04:54.957Z] >>> [apiv2][query] GET https://serviceusage.googleapis.com/v1/projects/functions-bank/services/artifactregistry.googleapis.com [none]
[debug] [2022-08-01T03:04:55.256Z] <<< [apiv2][status] GET https://serviceusage.googleapis.com/v1/projects/functions-bank/services/runtimeconfig.googleapis.com 200
[debug] [2022-08-01T03:04:55.257Z] <<< [apiv2][body] GET https://serviceusage.googleapis.com/v1/projects/functions-bank/services/runtimeconfig.googleapis.com [omitted]
[debug] [2022-08-01T03:04:55.260Z] <<< [apiv2][status] GET https://serviceusage.googleapis.com/v1/projects/functions-bank/services/cloudbuild.googleapis.com 200
[debug] [2022-08-01T03:04:55.260Z] <<< [apiv2][body] GET https://serviceusage.googleapis.com/v1/projects/functions-bank/services/cloudbuild.googleapis.com [omitted]
[info] ✔  functions: required API cloudbuild.googleapis.com is enabled 
[debug] [2022-08-01T03:04:55.292Z] <<< [apiv2][status] GET https://serviceusage.googleapis.com/v1/projects/functions-bank/services/artifactregistry.googleapis.com 200
[debug] [2022-08-01T03:04:55.293Z] <<< [apiv2][body] GET https://serviceusage.googleapis.com/v1/projects/functions-bank/services/artifactregistry.googleapis.com [omitted]
[info] ✔  artifactregistry: required API artifactregistry.googleapis.com is enabled 
[debug] [2022-08-01T03:04:55.366Z] <<< [apiv2][status] GET https://serviceusage.googleapis.com/v1/projects/functions-bank/services/cloudfunctions.googleapis.com 200
[debug] [2022-08-01T03:04:55.366Z] <<< [apiv2][body] GET https://serviceusage.googleapis.com/v1/projects/functions-bank/services/cloudfunctions.googleapis.com [omitted]
[info] ✔  functions: required API cloudfunctions.googleapis.com is enabled 
[debug] [2022-08-01T03:04:55.367Z] >>> [apiv2][query] GET https://firebase.googleapis.com/v1beta1/projects/functions-bank/adminSdkConfig [none]
[debug] [2022-08-01T03:04:55.551Z] <<< [apiv2][status] GET https://firebase.googleapis.com/v1beta1/projects/functions-bank/adminSdkConfig 200
[debug] [2022-08-01T03:04:55.551Z] <<< [apiv2][body] GET https://firebase.googleapis.com/v1beta1/projects/functions-bank/adminSdkConfig {"projectId":"functions-bank","databaseURL":"https://functions-bank-default-rtdb.firebaseio.com","storageBucket":"functions-bank.appspot.com","locationId":"us-central"}
[debug] [2022-08-01T03:04:55.552Z] >>> [apiv2][query] GET https://runtimeconfig.googleapis.com/v1beta1/projects/functions-bank/configs [none]
[debug] [2022-08-01T03:04:55.954Z] <<< [apiv2][status] GET https://runtimeconfig.googleapis.com/v1beta1/projects/functions-bank/configs 200
[debug] [2022-08-01T03:04:55.954Z] <<< [apiv2][body] GET https://runtimeconfig.googleapis.com/v1beta1/projects/functions-bank/configs {}
[info] i  functions: preparing codebase default for deployment 
[debug] [2022-08-01T03:04:55.957Z] Validating nodejs source
[debug] [2022-08-01T03:04:57.148Z] > [functions] package.json contents: {
  "name": "functions",
  "description": "Cloud Functions for Firebase",
  "scripts": {
    "serve": "firebase emulators:start --only functions",
    "shell": "firebase functions:shell",
    "start": "npm run shell",
    "deploy": "firebase deploy --only functions",
    "logs": "firebase functions:log"
  },
  "engines": {
    "node": "16"
  },
  "main": "index.js",
  "dependencies": {
    "firebase": "^9.9.1",
    "firebase-admin": "^10.3.0",
    "firebase-functions": "^3.22.0",
    "firebase-tools": "^11.4.0"
  },
  "devDependencies": {
    "firebase-functions-test": "^0.2.0"
  },
  "private": true
}
[debug] [2022-08-01T03:04:57.149Z] Building nodejs source
[debug] [2022-08-01T03:04:57.150Z] Could not find functions.yaml. Must use http discovery
[debug] [2022-08-01T03:04:57.248Z] Serving at port 9005

[debug] [2022-08-01T03:04:57.447Z] Got response from /__/functions.yaml {"endpoints":{"isUser":{"platform":"gcfv1","httpsTrigger":{},"entryPoint":"isUser"}},"specVersion":"v1alpha1","requiredAPIs":[]}
[debug] [2022-08-01T03:04:57.450Z] shutdown requested via /__/quitquitquit

[info] i  functions: preparing functions directory for uploading... 
[info] i  functions: packaged /Users/michaelpineiro/Desktop/functions-bank/functions (358.75 KB) for uploading 
[debug] [2022-08-01T03:04:57.481Z] >>> [apiv2][query] GET https://cloudfunctions.googleapis.com/v1/projects/functions-bank/locations/-/functions [none]
[debug] [2022-08-01T03:04:58.080Z] <<< [apiv2][status] GET https://cloudfunctions.googleapis.com/v1/projects/functions-bank/locations/-/functions 200
[debug] [2022-08-01T03:04:58.080Z] <<< [apiv2][body] GET https://cloudfunctions.googleapis.com/v1/projects/functions-bank/locations/-/functions {"functions":[{"name":"projects/functions-bank/locations/us-central1/functions/isUser","httpsTrigger":{"url":"https://us-central1-functions-bank.cloudfunctions.net/isUser","securityLevel":"SECURE_ALWAYS"},"status":"ACTIVE","entryPoint":"isUser","timeout":"60s","availableMemoryMb":256,"serviceAccountEmail":"functions-bank@appspot.gserviceaccount.com","updateTime":"2022-08-01T03:03:35.172Z","versionId":"3","labels":{"deployment-tool":"cli-firebase"},"sourceUploadUrl":"https://storage.googleapis.com/uploads-870899510773.us-central1.cloudfunctions.appspot.com/e483fde8-09ad-4599-b990-1af87e4208b6.zip","environmentVariables":{"FIREBASE_CONFIG":"{\"projectId\":\"functions-bank\",\"databaseURL\":\"https://functions-bank-default-rtdb.firebaseio.com\",\"storageBucket\":\"functions-bank.appspot.com\",\"locationId\":\"us-central\"}","GCLOUD_PROJECT":"functions-bank"},"runtime":"nodejs16","ingressSettings":"ALLOW_ALL","buildId":"7be85d7e-4a01-4ff7-9665-7d182714d886","buildName":"projects/87983874345/locations/us-central1/builds/7be85d7e-4a01-4ff7-9665-7d182714d886","dockerRegistry":"ARTIFACT_REGISTRY"}]}
[debug] [2022-08-01T03:04:58.081Z] >>> [apiv2][query] GET https://cloudfunctions.googleapis.com/v2alpha/projects/functions-bank/locations/-/functions [none]
[debug] [2022-08-01T03:04:58.494Z] <<< [apiv2][status] GET https://cloudfunctions.googleapis.com/v2alpha/projects/functions-bank/locations/-/functions 200
[debug] [2022-08-01T03:04:58.495Z] <<< [apiv2][body] GET https://cloudfunctions.googleapis.com/v2alpha/projects/functions-bank/locations/-/functions {}
[debug] [2022-08-01T03:04:58.502Z] >>> [apiv2][query] GET https://firebase.googleapis.com/v1beta1/projects/functions-bank [none]
[debug] [2022-08-01T03:04:58.641Z] <<< [apiv2][status] GET https://firebase.googleapis.com/v1beta1/projects/functions-bank 200
[debug] [2022-08-01T03:04:58.641Z] <<< [apiv2][body] GET https://firebase.googleapis.com/v1beta1/projects/functions-bank {"projectId":"functions-bank","projectNumber":"87983874345","displayName":"functions-bank","name":"projects/functions-bank","resources":{"hostingSite":"functions-bank","realtimeDatabaseInstance":"functions-bank-default-rtdb","storageBucket":"functions-bank.appspot.com","locationId":"us-central"},"state":"ACTIVE","etag":"1_ce004374-0b88-4c0f-90cc-ba4e8b888c7c"}
[debug] [2022-08-01T03:04:58.642Z] >>> [apiv2][query] POST https://cloudfunctions.googleapis.com/v1/projects/functions-bank/locations/us-central1/functions:generateUploadUrl [none]
[debug] [2022-08-01T03:04:58.642Z] >>> [apiv2][body] POST https://cloudfunctions.googleapis.com/v1/projects/functions-bank/locations/us-central1/functions:generateUploadUrl {}
[debug] [2022-08-01T03:04:59.009Z] <<< [apiv2][status] POST https://cloudfunctions.googleapis.com/v1/projects/functions-bank/locations/us-central1/functions:generateUploadUrl 200
[debug] [2022-08-01T03:04:59.009Z] <<< [apiv2][body] POST https://cloudfunctions.googleapis.com/v1/projects/functions-bank/locations/us-central1/functions:generateUploadUrl {"uploadUrl":"https://storage.googleapis.com/uploads-870899510773.us-central1.cloudfunctions.appspot.com/68cd73d9-8107-4381-83c9-b2f133b0e5be.zip?GoogleAccessId=service-87983874345@gcf-admin-robot.iam.gserviceaccount.com&Expires=1659324899&Signature=fPtd0PQs75nSvEKMG6PEmLDJBvmgQfk6f4Oo%2FAqvFnW0UXY5%2BvJWE%2Bhu1zd3HOY1M3PpKrDyTrvLzg63%2BNCK6Jbikh11OoD8E7OCd7B5nZgvry2SsU7E1g6MjW0woV%2BgE0guS5rErAKlAnwNm42gzhPKmlriESEBUF1dZgAvTQnhjaMjEMx2aPZTeBp4KDpsO35QdGd79dtm1%2Frkr1tkkTsEBVx8ZZJuIV0hcvqJ5Bw7IeBqUiqBR0v3jqjMnuoPxDE6EDwkqiKRPutZQ6fYvfKVndNoT9O7RtZn4iodGfOlPIMpFd0zagzE%2FqpS9bWLQphEJtrGSNmaExmpAgOfiA%3D%3D"}
[debug] [2022-08-01T03:04:59.010Z] >>> [apiv2][query] PUT https://storage.googleapis.com/uploads-870899510773.us-central1.cloudfunctions.appspot.com/68cd73d9-8107-4381-83c9-b2f133b0e5be.zip GoogleAccessId=service-87983874345%40gcf-admin-robot.iam.gserviceaccount.com&Expires=1659324899&Signature=fPtd0PQs75nSvEKMG6PEmLDJBvmgQfk6f4Oo%2FAqvFnW0UXY5%2BvJWE%2Bhu1zd3HOY1M3PpKrDyTrvLzg63%2BNCK6Jbikh11OoD8E7OCd7B5nZgvry2SsU7E1g6MjW0woV%2BgE0guS5rErAKlAnwNm42gzhPKmlriESEBUF1dZgAvTQnhjaMjEMx2aPZTeBp4KDpsO35QdGd79dtm1%2Frkr1tkkTsEBVx8ZZJuIV0hcvqJ5Bw7IeBqUiqBR0v3jqjMnuoPxDE6EDwkqiKRPutZQ6fYvfKVndNoT9O7RtZn4iodGfOlPIMpFd0zagzE%2FqpS9bWLQphEJtrGSNmaExmpAgOfiA%3D%3D
[debug] [2022-08-01T03:04:59.010Z] >>> [apiv2][body] PUT https://storage.googleapis.com/uploads-870899510773.us-central1.cloudfunctions.appspot.com/68cd73d9-8107-4381-83c9-b2f133b0e5be.zip [stream]
[debug] [2022-08-01T03:04:59.374Z] <<< [apiv2][status] PUT https://storage.googleapis.com/uploads-870899510773.us-central1.cloudfunctions.appspot.com/68cd73d9-8107-4381-83c9-b2f133b0e5be.zip 200
[debug] [2022-08-01T03:04:59.375Z] <<< [apiv2][body] PUT https://storage.googleapis.com/uploads-870899510773.us-central1.cloudfunctions.appspot.com/68cd73d9-8107-4381-83c9-b2f133b0e5be.zip [omitted]
[info] ✔  functions: functions folder uploaded successfully 
[info] i  functions: updating Node.js 16 function isUser(us-central1)... 
[debug] [2022-08-01T03:04:59.379Z] >>> [apiv2][query] PATCH https://cloudfunctions.googleapis.com/v1/projects/functions-bank/locations/us-central1/functions/isUser updateMask=name%2CsourceUploadUrl%2CentryPoint%2Cruntime%2CdockerRegistry%2Clabels%2ChttpsTrigger.securityLevel%2CavailableMemoryMb%2CenvironmentVariables%2Ctimeout%2CsourceToken
[debug] [2022-08-01T03:04:59.379Z] >>> [apiv2][body] PATCH https://cloudfunctions.googleapis.com/v1/projects/functions-bank/locations/us-central1/functions/isUser {"name":"projects/functions-bank/locations/us-central1/functions/isUser","sourceUploadUrl":"https://storage.googleapis.com/uploads-870899510773.us-central1.cloudfunctions.appspot.com/68cd73d9-8107-4381-83c9-b2f133b0e5be.zip?GoogleAccessId=service-87983874345@gcf-admin-robot.iam.gserviceaccount.com&Expires=1659324899&Signature=fPtd0PQs75nSvEKMG6PEmLDJBvmgQfk6f4Oo%2FAqvFnW0UXY5%2BvJWE%2Bhu1zd3HOY1M3PpKrDyTrvLzg63%2BNCK6Jbikh11OoD8E7OCd7B5nZgvry2SsU7E1g6MjW0woV%2BgE0guS5rErAKlAnwNm42gzhPKmlriESEBUF1dZgAvTQnhjaMjEMx2aPZTeBp4KDpsO35QdGd79dtm1%2Frkr1tkkTsEBVx8ZZJuIV0hcvqJ5Bw7IeBqUiqBR0v3jqjMnuoPxDE6EDwkqiKRPutZQ6fYvfKVndNoT9O7RtZn4iodGfOlPIMpFd0zagzE%2FqpS9bWLQphEJtrGSNmaExmpAgOfiA%3D%3D","entryPoint":"isUser","runtime":"nodejs16","dockerRegistry":"ARTIFACT_REGISTRY","labels":{"deployment-tool":"cli-firebase"},"httpsTrigger":{"securityLevel":"SECURE_ALWAYS"},"availableMemoryMb":256,"environmentVariables":{"FIREBASE_CONFIG":"{\"projectId\":\"functions-bank\",\"databaseURL\":\"https://functions-bank-default-rtdb.firebaseio.com\",\"storageBucket\":\"functions-bank.appspot.com\",\"locationId\":\"us-central\"}","GCLOUD_PROJECT":"functions-bank"},"timeout":"60s"}
[debug] [2022-08-01T03:04:59.662Z] <<< [apiv2][status] PATCH https://cloudfunctions.googleapis.com/v1/projects/functions-bank/locations/us-central1/functions/isUser 200
[debug] [2022-08-01T03:04:59.662Z] <<< [apiv2][body] PATCH https://cloudfunctions.googleapis.com/v1/projects/functions-bank/locations/us-central1/functions/isUser {"name":"operations/ZnVuY3Rpb25zLWJhbmsvdXMtY2VudHJhbDEvaXNVc2VyLzRZbGdtREFhQkQw","metadata":{"@type":"type.googleapis.com/google.cloud.functions.v1.OperationMetadataV1","target":"projects/functions-bank/locations/us-central1/functions/isUser","type":"UPDATE_FUNCTION","request":{"@type":"type.googleapis.com/google.cloud.functions.v1.CloudFunction","name":"projects/functions-bank/locations/us-central1/functions/isUser","httpsTrigger":{"url":"https://us-central1-functions-bank.cloudfunctions.net/isUser","securityLevel":"SECURE_ALWAYS"},"status":"ACTIVE","entryPoint":"isUser","timeout":"60s","availableMemoryMb":256,"serviceAccountEmail":"functions-bank@appspot.gserviceaccount.com","updateTime":"2022-08-01T03:03:35.172Z","versionId":"3","labels":{"deployment-tool":"cli-firebase"},"sourceUploadUrl":"https://storage.googleapis.com/uploads-870899510773.us-central1.cloudfunctions.appspot.com/68cd73d9-8107-4381-83c9-b2f133b0e5be.zip?GoogleAccessId=service-87983874345@gcf-admin-robot.iam.gserviceaccount.com&Expires=1659324899&Signature=fPtd0PQs75nSvEKMG6PEmLDJBvmgQfk6f4Oo%2FAqvFnW0UXY5%2BvJWE%2Bhu1zd3HOY1M3PpKrDyTrvLzg63%2BNCK6Jbikh11OoD8E7OCd7B5nZgvry2SsU7E1g6MjW0woV%2BgE0guS5rErAKlAnwNm42gzhPKmlriESEBUF1dZgAvTQnhjaMjEMx2aPZTeBp4KDpsO35QdGd79dtm1%2Frkr1tkkTsEBVx8ZZJuIV0hcvqJ5Bw7IeBqUiqBR0v3jqjMnuoPxDE6EDwkqiKRPutZQ6fYvfKVndNoT9O7RtZn4iodGfOlPIMpFd0zagzE%2FqpS9bWLQphEJtrGSNmaExmpAgOfiA%3D%3D","environmentVariables":{"FIREBASE_CONFIG":"{\"projectId\":\"functions-bank\",\"databaseURL\":\"https://functions-bank-default-rtdb.firebaseio.com\",\"storageBucket\":\"functions-bank.appspot.com\",\"locationId\":\"us-central\"}","GCLOUD_PROJECT":"functions-bank"},"runtime":"nodejs16","ingressSettings":"ALLOW_ALL","buildId":"7be85d7e-4a01-4ff7-9665-7d182714d886","buildName":"projects/87983874345/locations/us-central1/builds/7be85d7e-4a01-4ff7-9665-7d182714d886","dockerRegistry":"ARTIFACT_REGISTRY"},"versionId":"4","updateTime":"2022-08-01T03:04:59Z"}}
[debug] [2022-08-01T03:04:59.663Z] >>> [apiv2][query] GET https://cloudfunctions.googleapis.com/v1/operations/ZnVuY3Rpb25zLWJhbmsvdXMtY2VudHJhbDEvaXNVc2VyLzRZbGdtREFhQkQw [none]
[debug] [2022-08-01T03:04:59.839Z] <<< [apiv2][status] GET https://cloudfunctions.googleapis.com/v1/operations/ZnVuY3Rpb25zLWJhbmsvdXMtY2VudHJhbDEvaXNVc2VyLzRZbGdtREFhQkQw 200
[debug] [2022-08-01T03:04:59.839Z] <<< [apiv2][body] GET https://cloudfunctions.googleapis.com/v1/operations/ZnVuY3Rpb25zLWJhbmsvdXMtY2VudHJhbDEvaXNVc2VyLzRZbGdtREFhQkQw {"name":"operations/ZnVuY3Rpb25zLWJhbmsvdXMtY2VudHJhbDEvaXNVc2VyLzRZbGdtREFhQkQw","metadata":{"@type":"type.googleapis.com/google.cloud.functions.v1.OperationMetadataV1","target":"projects/functions-bank/locations/us-central1/functions/isUser","type":"UPDATE_FUNCTION","request":{"@type":"type.googleapis.com/google.cloud.functions.v1.CloudFunction","name":"projects/functions-bank/locations/us-central1/functions/isUser","httpsTrigger":{"url":"https://us-central1-functions-bank.cloudfunctions.net/isUser","securityLevel":"SECURE_ALWAYS"},"status":"ACTIVE","entryPoint":"isUser","timeout":"60s","availableMemoryMb":256,"serviceAccountEmail":"functions-bank@appspot.gserviceaccount.com","updateTime":"2022-08-01T03:03:35.172Z","versionId":"3","labels":{"deployment-tool":"cli-firebase"},"sourceUploadUrl":"https://storage.googleapis.com/uploads-870899510773.us-central1.cloudfunctions.appspot.com/68cd73d9-8107-4381-83c9-b2f133b0e5be.zip?GoogleAccessId=service-87983874345@gcf-admin-robot.iam.gserviceaccount.com&Expires=1659324899&Signature=fPtd0PQs75nSvEKMG6PEmLDJBvmgQfk6f4Oo%2FAqvFnW0UXY5%2BvJWE%2Bhu1zd3HOY1M3PpKrDyTrvLzg63%2BNCK6Jbikh11OoD8E7OCd7B5nZgvry2SsU7E1g6MjW0woV%2BgE0guS5rErAKlAnwNm42gzhPKmlriESEBUF1dZgAvTQnhjaMjEMx2aPZTeBp4KDpsO35QdGd79dtm1%2Frkr1tkkTsEBVx8ZZJuIV0hcvqJ5Bw7IeBqUiqBR0v3jqjMnuoPxDE6EDwkqiKRPutZQ6fYvfKVndNoT9O7RtZn4iodGfOlPIMpFd0zagzE%2FqpS9bWLQphEJtrGSNmaExmpAgOfiA%3D%3D","environmentVariables":{"FIREBASE_CONFIG":"{\"projectId\":\"functions-bank\",\"databaseURL\":\"https://functions-bank-default-rtdb.firebaseio.com\",\"storageBucket\":\"functions-bank.appspot.com\",\"locationId\":\"us-central\"}","GCLOUD_PROJECT":"functions-bank"},"runtime":"nodejs16","ingressSettings":"ALLOW_ALL","buildId":"7be85d7e-4a01-4ff7-9665-7d182714d886","buildName":"projects/87983874345/locations/us-central1/builds/7be85d7e-4a01-4ff7-9665-7d182714d886","dockerRegistry":"ARTIFACT_REGISTRY"},"versionId":"4","updateTime":"2022-08-01T03:04:59Z"}}
[debug] [2022-08-01T03:05:00.341Z] [update-default-us-central1-isUser] Retrying task index 0
[debug] [2022-08-01T03:05:00.342Z] >>> [apiv2][query] GET https://cloudfunctions.googleapis.com/v1/operations/ZnVuY3Rpb25zLWJhbmsvdXMtY2VudHJhbDEvaXNVc2VyLzRZbGdtREFhQkQw [none]
[debug] [2022-08-01T03:05:00.484Z] <<< [apiv2][status] GET https://cloudfunctions.googleapis.com/v1/operations/ZnVuY3Rpb25zLWJhbmsvdXMtY2VudHJhbDEvaXNVc2VyLzRZbGdtREFhQkQw 200
[debug] [2022-08-01T03:05:00.484Z] <<< [apiv2][body] GET https://cloudfunctions.googleapis.com/v1/operations/ZnVuY3Rpb25zLWJhbmsvdXMtY2VudHJhbDEvaXNVc2VyLzRZbGdtREFhQkQw {"name":"operations/ZnVuY3Rpb25zLWJhbmsvdXMtY2VudHJhbDEvaXNVc2VyLzRZbGdtREFhQkQw","metadata":{"@type":"type.googleapis.com/google.cloud.functions.v1.OperationMetadataV1","target":"projects/functions-bank/locations/us-central1/functions/isUser","type":"UPDATE_FUNCTION","request":{"@type":"type.googleapis.com/google.cloud.functions.v1.CloudFunction","name":"projects/functions-bank/locations/us-central1/functions/isUser","httpsTrigger":{"url":"https://us-central1-functions-bank.cloudfunctions.net/isUser","securityLevel":"SECURE_ALWAYS"},"status":"ACTIVE","entryPoint":"isUser","timeout":"60s","availableMemoryMb":256,"serviceAccountEmail":"functions-bank@appspot.gserviceaccount.com","updateTime":"2022-08-01T03:03:35.172Z","versionId":"3","labels":{"deployment-tool":"cli-firebase"},"sourceUploadUrl":"https://storage.googleapis.com/uploads-870899510773.us-central1.cloudfunctions.appspot.com/68cd73d9-8107-4381-83c9-b2f133b0e5be.zip?GoogleAccessId=service-87983874345@gcf-admin-robot.iam.gserviceaccount.com&Expires=1659324899&Signature=fPtd0PQs75nSvEKMG6PEmLDJBvmgQfk6f4Oo%2FAqvFnW0UXY5%2BvJWE%2Bhu1zd3HOY1M3PpKrDyTrvLzg63%2BNCK6Jbikh11OoD8E7OCd7B5nZgvry2SsU7E1g6MjW0woV%2BgE0guS5rErAKlAnwNm42gzhPKmlriESEBUF1dZgAvTQnhjaMjEMx2aPZTeBp4KDpsO35QdGd79dtm1%2Frkr1tkkTsEBVx8ZZJuIV0hcvqJ5Bw7IeBqUiqBR0v3jqjMnuoPxDE6EDwkqiKRPutZQ6fYvfKVndNoT9O7RtZn4iodGfOlPIMpFd0zagzE%2FqpS9bWLQphEJtrGSNmaExmpAgOfiA%3D%3D","environmentVariables":{"FIREBASE_CONFIG":"{\"projectId\":\"functions-bank\",\"databaseURL\":\"https://functions-bank-default-rtdb.firebaseio.com\",\"storageBucket\":\"functions-bank.appspot.com\",\"locationId\":\"us-central\"}","GCLOUD_PROJECT":"functions-bank"},"runtime":"nodejs16","ingressSettings":"ALLOW_ALL","buildId":"7be85d7e-4a01-4ff7-9665-7d182714d886","buildName":"projects/87983874345/locations/us-central1/builds/7be85d7e-4a01-4ff7-9665-7d182714d886","dockerRegistry":"ARTIFACT_REGISTRY"},"versionId":"4","updateTime":"2022-08-01T03:04:59Z","buildId":"4ca72b9d-9623-44ce-af00-29fddad79c70","buildName":"projects/87983874345/locations/us-central1/builds/4ca72b9d-9623-44ce-af00-29fddad79c70"}}
[debug] [2022-08-01T03:05:01.486Z] [update-default-us-central1-isUser] Retrying task index 0
[debug] [2022-08-01T03:05:01.486Z] >>> [apiv2][query] GET https://cloudfunctions.googleapis.com/v1/operations/ZnVuY3Rpb25zLWJhbmsvdXMtY2VudHJhbDEvaXNVc2VyLzRZbGdtREFhQkQw [none]
[debug] [2022-08-01T03:05:01.621Z] <<< [apiv2][status] GET https://cloudfunctions.googleapis.com/v1/operations/ZnVuY3Rpb25zLWJhbmsvdXMtY2VudHJhbDEvaXNVc2VyLzRZbGdtREFhQkQw 200
[debug] [2022-08-01T03:05:01.621Z] <<< [apiv2][body] GET https://cloudfunctions.googleapis.com/v1/operations/ZnVuY3Rpb25zLWJhbmsvdXMtY2VudHJhbDEvaXNVc2VyLzRZbGdtREFhQkQw {"name":"operations/ZnVuY3Rpb25zLWJhbmsvdXMtY2VudHJhbDEvaXNVc2VyLzRZbGdtREFhQkQw","metadata":{"@type":"type.googleapis.com/google.cloud.functions.v1.OperationMetadataV1","target":"projects/functions-bank/locations/us-central1/functions/isUser","type":"UPDATE_FUNCTION","request":{"@type":"type.googleapis.com/google.cloud.functions.v1.CloudFunction","name":"projects/functions-bank/locations/us-central1/functions/isUser","httpsTrigger":{"url":"https://us-central1-functions-bank.cloudfunctions.net/isUser","securityLevel":"SECURE_ALWAYS"},"status":"ACTIVE","entryPoint":"isUser","timeout":"60s","availableMemoryMb":256,"serviceAccountEmail":"functions-bank@appspot.gserviceaccount.com","updateTime":"2022-08-01T03:03:35.172Z","versionId":"3","labels":{"deployment-tool":"cli-firebase"},"sourceUploadUrl":"https://storage.googleapis.com/uploads-870899510773.us-central1.cloudfunctions.appspot.com/68cd73d9-8107-4381-83c9-b2f133b0e5be.zip?GoogleAccessId=service-87983874345@gcf-admin-robot.iam.gserviceaccount.com&Expires=1659324899&Signature=fPtd0PQs75nSvEKMG6PEmLDJBvmgQfk6f4Oo%2FAqvFnW0UXY5%2BvJWE%2Bhu1zd3HOY1M3PpKrDyTrvLzg63%2BNCK6Jbikh11OoD8E7OCd7B5nZgvry2SsU7E1g6MjW0woV%2BgE0guS5rErAKlAnwNm42gzhPKmlriESEBUF1dZgAvTQnhjaMjEMx2aPZTeBp4KDpsO35QdGd79dtm1%2Frkr1tkkTsEBVx8ZZJuIV0hcvqJ5Bw7IeBqUiqBR0v3jqjMnuoPxDE6EDwkqiKRPutZQ6fYvfKVndNoT9O7RtZn4iodGfOlPIMpFd0zagzE%2FqpS9bWLQphEJtrGSNmaExmpAgOfiA%3D%3D","environmentVariables":{"FIREBASE_CONFIG":"{\"projectId\":\"functions-bank\",\"databaseURL\":\"https://functions-bank-default-rtdb.firebaseio.com\",\"storageBucket\":\"functions-bank.appspot.com\",\"locationId\":\"us-central\"}","GCLOUD_PROJECT":"functions-bank"},"runtime":"nodejs16","ingressSettings":"ALLOW_ALL","buildId":"7be85d7e-4a01-4ff7-9665-7d182714d886","buildName":"projects/87983874345/locations/us-central1/builds/7be85d7e-4a01-4ff7-9665-7d182714d886","dockerRegistry":"ARTIFACT_REGISTRY"},"versionId":"4","updateTime":"2022-08-01T03:04:59Z","buildId":"4ca72b9d-9623-44ce-af00-29fddad79c70","buildName":"projects/87983874345/locations/us-central1/builds/4ca72b9d-9623-44ce-af00-29fddad79c70"}}
[debug] [2022-08-01T03:05:03.622Z] [update-default-us-central1-isUser] Retrying task index 0
[debug] [2022-08-01T03:05:03.623Z] >>> [apiv2][query] GET https://cloudfunctions.googleapis.com/v1/operations/ZnVuY3Rpb25zLWJhbmsvdXMtY2VudHJhbDEvaXNVc2VyLzRZbGdtREFhQkQw [none]
[debug] [2022-08-01T03:05:03.771Z] <<< [apiv2][status] GET https://cloudfunctions.googleapis.com/v1/operations/ZnVuY3Rpb25zLWJhbmsvdXMtY2VudHJhbDEvaXNVc2VyLzRZbGdtREFhQkQw 200
[debug] [2022-08-01T03:05:03.772Z] <<< [apiv2][body] GET https://cloudfunctions.googleapis.com/v1/operations/ZnVuY3Rpb25zLWJhbmsvdXMtY2VudHJhbDEvaXNVc2VyLzRZbGdtREFhQkQw {"name":"operations/ZnVuY3Rpb25zLWJhbmsvdXMtY2VudHJhbDEvaXNVc2VyLzRZbGdtREFhQkQw","metadata":{"@type":"type.googleapis.com/google.cloud.functions.v1.OperationMetadataV1","target":"projects/functions-bank/locations/us-central1/functions/isUser","type":"UPDATE_FUNCTION","request":{"@type":"type.googleapis.com/google.cloud.functions.v1.CloudFunction","name":"projects/functions-bank/locations/us-central1/functions/isUser","httpsTrigger":{"url":"https://us-central1-functions-bank.cloudfunctions.net/isUser","securityLevel":"SECURE_ALWAYS"},"status":"ACTIVE","entryPoint":"isUser","timeout":"60s","availableMemoryMb":256,"serviceAccountEmail":"functions-bank@appspot.gserviceaccount.com","updateTime":"2022-08-01T03:03:35.172Z","versionId":"3","labels":{"deployment-tool":"cli-firebase"},"sourceUploadUrl":"https://storage.googleapis.com/uploads-870899510773.us-central1.cloudfunctions.appspot.com/68cd73d9-8107-4381-83c9-b2f133b0e5be.zip?GoogleAccessId=service-87983874345@gcf-admin-robot.iam.gserviceaccount.com&Expires=1659324899&Signature=fPtd0PQs75nSvEKMG6PEmLDJBvmgQfk6f4Oo%2FAqvFnW0UXY5%2BvJWE%2Bhu1zd3HOY1M3PpKrDyTrvLzg63%2BNCK6Jbikh11OoD8E7OCd7B5nZgvry2SsU7E1g6MjW0woV%2BgE0guS5rErAKlAnwNm42gzhPKmlriESEBUF1dZgAvTQnhjaMjEMx2aPZTeBp4KDpsO35QdGd79dtm1%2Frkr1tkkTsEBVx8ZZJuIV0hcvqJ5Bw7IeBqUiqBR0v3jqjMnuoPxDE6EDwkqiKRPutZQ6fYvfKVndNoT9O7RtZn4iodGfOlPIMpFd0zagzE%2FqpS9bWLQphEJtrGSNmaExmpAgOfiA%3D%3D","environmentVariables":{"FIREBASE_CONFIG":"{\"projectId\":\"functions-bank\",\"databaseURL\":\"https://functions-bank-default-rtdb.firebaseio.com\",\"storageBucket\":\"functions-bank.appspot.com\",\"locationId\":\"us-central\"}","GCLOUD_PROJECT":"functions-bank"},"runtime":"nodejs16","ingressSettings":"ALLOW_ALL","buildId":"7be85d7e-4a01-4ff7-9665-7d182714d886","buildName":"projects/87983874345/locations/us-central1/builds/7be85d7e-4a01-4ff7-9665-7d182714d886","dockerRegistry":"ARTIFACT_REGISTRY"},"versionId":"4","updateTime":"2022-08-01T03:04:59Z","buildId":"4ca72b9d-9623-44ce-af00-29fddad79c70","buildName":"projects/87983874345/locations/us-central1/builds/4ca72b9d-9623-44ce-af00-29fddad79c70"}}
[debug] [2022-08-01T03:05:07.773Z] [update-default-us-central1-isUser] Retrying task index 0
[debug] [2022-08-01T03:05:07.773Z] >>> [apiv2][query] GET https://cloudfunctions.googleapis.com/v1/operations/ZnVuY3Rpb25zLWJhbmsvdXMtY2VudHJhbDEvaXNVc2VyLzRZbGdtREFhQkQw [none]
[debug] [2022-08-01T03:05:07.917Z] <<< [apiv2][status] GET https://cloudfunctions.googleapis.com/v1/operations/ZnVuY3Rpb25zLWJhbmsvdXMtY2VudHJhbDEvaXNVc2VyLzRZbGdtREFhQkQw 200
[debug] [2022-08-01T03:05:07.917Z] <<< [apiv2][body] GET https://cloudfunctions.googleapis.com/v1/operations/ZnVuY3Rpb25zLWJhbmsvdXMtY2VudHJhbDEvaXNVc2VyLzRZbGdtREFhQkQw {"name":"operations/ZnVuY3Rpb25zLWJhbmsvdXMtY2VudHJhbDEvaXNVc2VyLzRZbGdtREFhQkQw","metadata":{"@type":"type.googleapis.com/google.cloud.functions.v1.OperationMetadataV1","target":"projects/functions-bank/locations/us-central1/functions/isUser","type":"UPDATE_FUNCTION","request":{"@type":"type.googleapis.com/google.cloud.functions.v1.CloudFunction","name":"projects/functions-bank/locations/us-central1/functions/isUser","httpsTrigger":{"url":"https://us-central1-functions-bank.cloudfunctions.net/isUser","securityLevel":"SECURE_ALWAYS"},"status":"ACTIVE","entryPoint":"isUser","timeout":"60s","availableMemoryMb":256,"serviceAccountEmail":"functions-bank@appspot.gserviceaccount.com","updateTime":"2022-08-01T03:03:35.172Z","versionId":"3","labels":{"deployment-tool":"cli-firebase"},"sourceUploadUrl":"https://storage.googleapis.com/uploads-870899510773.us-central1.cloudfunctions.appspot.com/68cd73d9-8107-4381-83c9-b2f133b0e5be.zip?GoogleAccessId=service-87983874345@gcf-admin-robot.iam.gserviceaccount.com&Expires=1659324899&Signature=fPtd0PQs75nSvEKMG6PEmLDJBvmgQfk6f4Oo%2FAqvFnW0UXY5%2BvJWE%2Bhu1zd3HOY1M3PpKrDyTrvLzg63%2BNCK6Jbikh11OoD8E7OCd7B5nZgvry2SsU7E1g6MjW0woV%2BgE0guS5rErAKlAnwNm42gzhPKmlriESEBUF1dZgAvTQnhjaMjEMx2aPZTeBp4KDpsO35QdGd79dtm1%2Frkr1tkkTsEBVx8ZZJuIV0hcvqJ5Bw7IeBqUiqBR0v3jqjMnuoPxDE6EDwkqiKRPutZQ6fYvfKVndNoT9O7RtZn4iodGfOlPIMpFd0zagzE%2FqpS9bWLQphEJtrGSNmaExmpAgOfiA%3D%3D","environmentVariables":{"FIREBASE_CONFIG":"{\"projectId\":\"functions-bank\",\"databaseURL\":\"https://functions-bank-default-rtdb.firebaseio.com\",\"storageBucket\":\"functions-bank.appspot.com\",\"locationId\":\"us-central\"}","GCLOUD_PROJECT":"functions-bank"},"runtime":"nodejs16","ingressSettings":"ALLOW_ALL","buildId":"7be85d7e-4a01-4ff7-9665-7d182714d886","buildName":"projects/87983874345/locations/us-central1/builds/7be85d7e-4a01-4ff7-9665-7d182714d886","dockerRegistry":"ARTIFACT_REGISTRY"},"versionId":"4","updateTime":"2022-08-01T03:04:59Z","buildId":"4ca72b9d-9623-44ce-af00-29fddad79c70","buildName":"projects/87983874345/locations/us-central1/builds/4ca72b9d-9623-44ce-af00-29fddad79c70"}}
[debug] [2022-08-01T03:05:15.918Z] [update-default-us-central1-isUser] Retrying task index 0
[debug] [2022-08-01T03:05:15.918Z] >>> [apiv2][query] GET https://cloudfunctions.googleapis.com/v1/operations/ZnVuY3Rpb25zLWJhbmsvdXMtY2VudHJhbDEvaXNVc2VyLzRZbGdtREFhQkQw [none]
[debug] [2022-08-01T03:05:16.042Z] <<< [apiv2][status] GET https://cloudfunctions.googleapis.com/v1/operations/ZnVuY3Rpb25zLWJhbmsvdXMtY2VudHJhbDEvaXNVc2VyLzRZbGdtREFhQkQw 200
[debug] [2022-08-01T03:05:16.042Z] <<< [apiv2][body] GET https://cloudfunctions.googleapis.com/v1/operations/ZnVuY3Rpb25zLWJhbmsvdXMtY2VudHJhbDEvaXNVc2VyLzRZbGdtREFhQkQw {"name":"operations/ZnVuY3Rpb25zLWJhbmsvdXMtY2VudHJhbDEvaXNVc2VyLzRZbGdtREFhQkQw","metadata":{"@type":"type.googleapis.com/google.cloud.functions.v1.OperationMetadataV1","target":"projects/functions-bank/locations/us-central1/functions/isUser","type":"UPDATE_FUNCTION","request":{"@type":"type.googleapis.com/google.cloud.functions.v1.CloudFunction","name":"projects/functions-bank/locations/us-central1/functions/isUser","httpsTrigger":{"url":"https://us-central1-functions-bank.cloudfunctions.net/isUser","securityLevel":"SECURE_ALWAYS"},"status":"ACTIVE","entryPoint":"isUser","timeout":"60s","availableMemoryMb":256,"serviceAccountEmail":"functions-bank@appspot.gserviceaccount.com","updateTime":"2022-08-01T03:03:35.172Z","versionId":"3","labels":{"deployment-tool":"cli-firebase"},"sourceUploadUrl":"https://storage.googleapis.com/uploads-870899510773.us-central1.cloudfunctions.appspot.com/68cd73d9-8107-4381-83c9-b2f133b0e5be.zip?GoogleAccessId=service-87983874345@gcf-admin-robot.iam.gserviceaccount.com&Expires=1659324899&Signature=fPtd0PQs75nSvEKMG6PEmLDJBvmgQfk6f4Oo%2FAqvFnW0UXY5%2BvJWE%2Bhu1zd3HOY1M3PpKrDyTrvLzg63%2BNCK6Jbikh11OoD8E7OCd7B5nZgvry2SsU7E1g6MjW0woV%2BgE0guS5rErAKlAnwNm42gzhPKmlriESEBUF1dZgAvTQnhjaMjEMx2aPZTeBp4KDpsO35QdGd79dtm1%2Frkr1tkkTsEBVx8ZZJuIV0hcvqJ5Bw7IeBqUiqBR0v3jqjMnuoPxDE6EDwkqiKRPutZQ6fYvfKVndNoT9O7RtZn4iodGfOlPIMpFd0zagzE%2FqpS9bWLQphEJtrGSNmaExmpAgOfiA%3D%3D","environmentVariables":{"FIREBASE_CONFIG":"{\"projectId\":\"functions-bank\",\"databaseURL\":\"https://functions-bank-default-rtdb.firebaseio.com\",\"storageBucket\":\"functions-bank.appspot.com\",\"locationId\":\"us-central\"}","GCLOUD_PROJECT":"functions-bank"},"runtime":"nodejs16","ingressSettings":"ALLOW_ALL","buildId":"7be85d7e-4a01-4ff7-9665-7d182714d886","buildName":"projects/87983874345/locations/us-central1/builds/7be85d7e-4a01-4ff7-9665-7d182714d886","dockerRegistry":"ARTIFACT_REGISTRY"},"versionId":"4","updateTime":"2022-08-01T03:04:59Z","buildId":"4ca72b9d-9623-44ce-af00-29fddad79c70","buildName":"projects/87983874345/locations/us-central1/builds/4ca72b9d-9623-44ce-af00-29fddad79c70"}}
[debug] [2022-08-01T03:05:26.043Z] [update-default-us-central1-isUser] Retrying task index 0
[debug] [2022-08-01T03:05:26.043Z] >>> [apiv2][query] GET https://cloudfunctions.googleapis.com/v1/operations/ZnVuY3Rpb25zLWJhbmsvdXMtY2VudHJhbDEvaXNVc2VyLzRZbGdtREFhQkQw [none]
[debug] [2022-08-01T03:05:26.154Z] <<< [apiv2][status] GET https://cloudfunctions.googleapis.com/v1/operations/ZnVuY3Rpb25zLWJhbmsvdXMtY2VudHJhbDEvaXNVc2VyLzRZbGdtREFhQkQw 200
[debug] [2022-08-01T03:05:26.154Z] <<< [apiv2][body] GET https://cloudfunctions.googleapis.com/v1/operations/ZnVuY3Rpb25zLWJhbmsvdXMtY2VudHJhbDEvaXNVc2VyLzRZbGdtREFhQkQw {"name":"operations/ZnVuY3Rpb25zLWJhbmsvdXMtY2VudHJhbDEvaXNVc2VyLzRZbGdtREFhQkQw","metadata":{"@type":"type.googleapis.com/google.cloud.functions.v1.OperationMetadataV1","target":"projects/functions-bank/locations/us-central1/functions/isUser","type":"UPDATE_FUNCTION","request":{"@type":"type.googleapis.com/google.cloud.functions.v1.CloudFunction","name":"projects/functions-bank/locations/us-central1/functions/isUser","httpsTrigger":{"url":"https://us-central1-functions-bank.cloudfunctions.net/isUser","securityLevel":"SECURE_ALWAYS"},"status":"ACTIVE","entryPoint":"isUser","timeout":"60s","availableMemoryMb":256,"serviceAccountEmail":"functions-bank@appspot.gserviceaccount.com","updateTime":"2022-08-01T03:03:35.172Z","versionId":"3","labels":{"deployment-tool":"cli-firebase"},"sourceUploadUrl":"https://storage.googleapis.com/uploads-870899510773.us-central1.cloudfunctions.appspot.com/68cd73d9-8107-4381-83c9-b2f133b0e5be.zip?GoogleAccessId=service-87983874345@gcf-admin-robot.iam.gserviceaccount.com&Expires=1659324899&Signature=fPtd0PQs75nSvEKMG6PEmLDJBvmgQfk6f4Oo%2FAqvFnW0UXY5%2BvJWE%2Bhu1zd3HOY1M3PpKrDyTrvLzg63%2BNCK6Jbikh11OoD8E7OCd7B5nZgvry2SsU7E1g6MjW0woV%2BgE0guS5rErAKlAnwNm42gzhPKmlriESEBUF1dZgAvTQnhjaMjEMx2aPZTeBp4KDpsO35QdGd79dtm1%2Frkr1tkkTsEBVx8ZZJuIV0hcvqJ5Bw7IeBqUiqBR0v3jqjMnuoPxDE6EDwkqiKRPutZQ6fYvfKVndNoT9O7RtZn4iodGfOlPIMpFd0zagzE%2FqpS9bWLQphEJtrGSNmaExmpAgOfiA%3D%3D","environmentVariables":{"FIREBASE_CONFIG":"{\"projectId\":\"functions-bank\",\"databaseURL\":\"https://functions-bank-default-rtdb.firebaseio.com\",\"storageBucket\":\"functions-bank.appspot.com\",\"locationId\":\"us-central\"}","GCLOUD_PROJECT":"functions-bank"},"runtime":"nodejs16","ingressSettings":"ALLOW_ALL","buildId":"7be85d7e-4a01-4ff7-9665-7d182714d886","buildName":"projects/87983874345/locations/us-central1/builds/7be85d7e-4a01-4ff7-9665-7d182714d886","dockerRegistry":"ARTIFACT_REGISTRY"},"versionId":"4","updateTime":"2022-08-01T03:04:59Z","buildId":"4ca72b9d-9623-44ce-af00-29fddad79c70","buildName":"projects/87983874345/locations/us-central1/builds/4ca72b9d-9623-44ce-af00-29fddad79c70"}}
[debug] [2022-08-01T03:05:36.156Z] [update-default-us-central1-isUser] Retrying task index 0
[debug] [2022-08-01T03:05:36.156Z] >>> [apiv2][query] GET https://cloudfunctions.googleapis.com/v1/operations/ZnVuY3Rpb25zLWJhbmsvdXMtY2VudHJhbDEvaXNVc2VyLzRZbGdtREFhQkQw [none]
[debug] [2022-08-01T03:05:36.296Z] <<< [apiv2][status] GET https://cloudfunctions.googleapis.com/v1/operations/ZnVuY3Rpb25zLWJhbmsvdXMtY2VudHJhbDEvaXNVc2VyLzRZbGdtREFhQkQw 200
[debug] [2022-08-01T03:05:36.296Z] <<< [apiv2][body] GET https://cloudfunctions.googleapis.com/v1/operations/ZnVuY3Rpb25zLWJhbmsvdXMtY2VudHJhbDEvaXNVc2VyLzRZbGdtREFhQkQw {"name":"operations/ZnVuY3Rpb25zLWJhbmsvdXMtY2VudHJhbDEvaXNVc2VyLzRZbGdtREFhQkQw","metadata":{"@type":"type.googleapis.com/google.cloud.functions.v1.OperationMetadataV1","target":"projects/functions-bank/locations/us-central1/functions/isUser","type":"UPDATE_FUNCTION","request":{"@type":"type.googleapis.com/google.cloud.functions.v1.CloudFunction","name":"projects/functions-bank/locations/us-central1/functions/isUser","httpsTrigger":{"url":"https://us-central1-functions-bank.cloudfunctions.net/isUser","securityLevel":"SECURE_ALWAYS"},"status":"ACTIVE","entryPoint":"isUser","timeout":"60s","availableMemoryMb":256,"serviceAccountEmail":"functions-bank@appspot.gserviceaccount.com","updateTime":"2022-08-01T03:03:35.172Z","versionId":"3","labels":{"deployment-tool":"cli-firebase"},"sourceUploadUrl":"https://storage.googleapis.com/uploads-870899510773.us-central1.cloudfunctions.appspot.com/68cd73d9-8107-4381-83c9-b2f133b0e5be.zip?GoogleAccessId=service-87983874345@gcf-admin-robot.iam.gserviceaccount.com&Expires=1659324899&Signature=fPtd0PQs75nSvEKMG6PEmLDJBvmgQfk6f4Oo%2FAqvFnW0UXY5%2BvJWE%2Bhu1zd3HOY1M3PpKrDyTrvLzg63%2BNCK6Jbikh11OoD8E7OCd7B5nZgvry2SsU7E1g6MjW0woV%2BgE0guS5rErAKlAnwNm42gzhPKmlriESEBUF1dZgAvTQnhjaMjEMx2aPZTeBp4KDpsO35QdGd79dtm1%2Frkr1tkkTsEBVx8ZZJuIV0hcvqJ5Bw7IeBqUiqBR0v3jqjMnuoPxDE6EDwkqiKRPutZQ6fYvfKVndNoT9O7RtZn4iodGfOlPIMpFd0zagzE%2FqpS9bWLQphEJtrGSNmaExmpAgOfiA%3D%3D","environmentVariables":{"FIREBASE_CONFIG":"{\"projectId\":\"functions-bank\",\"databaseURL\":\"https://functions-bank-default-rtdb.firebaseio.com\",\"storageBucket\":\"functions-bank.appspot.com\",\"locationId\":\"us-central\"}","GCLOUD_PROJECT":"functions-bank"},"runtime":"nodejs16","ingressSettings":"ALLOW_ALL","buildId":"7be85d7e-4a01-4ff7-9665-7d182714d886","buildName":"projects/87983874345/locations/us-central1/builds/7be85d7e-4a01-4ff7-9665-7d182714d886","dockerRegistry":"ARTIFACT_REGISTRY"},"versionId":"4","updateTime":"2022-08-01T03:04:59Z","buildId":"4ca72b9d-9623-44ce-af00-29fddad79c70","buildName":"projects/87983874345/locations/us-central1/builds/4ca72b9d-9623-44ce-af00-29fddad79c70"}}
[debug] [2022-08-01T03:05:46.297Z] [update-default-us-central1-isUser] Retrying task index 0
[debug] [2022-08-01T03:05:46.297Z] >>> [apiv2][query] GET https://cloudfunctions.googleapis.com/v1/operations/ZnVuY3Rpb25zLWJhbmsvdXMtY2VudHJhbDEvaXNVc2VyLzRZbGdtREFhQkQw [none]
[debug] [2022-08-01T03:05:46.462Z] <<< [apiv2][status] GET https://cloudfunctions.googleapis.com/v1/operations/ZnVuY3Rpb25zLWJhbmsvdXMtY2VudHJhbDEvaXNVc2VyLzRZbGdtREFhQkQw 200
[debug] [2022-08-01T03:05:46.463Z] <<< [apiv2][body] GET https://cloudfunctions.googleapis.com/v1/operations/ZnVuY3Rpb25zLWJhbmsvdXMtY2VudHJhbDEvaXNVc2VyLzRZbGdtREFhQkQw {"name":"operations/ZnVuY3Rpb25zLWJhbmsvdXMtY2VudHJhbDEvaXNVc2VyLzRZbGdtREFhQkQw","metadata":{"@type":"type.googleapis.com/google.cloud.functions.v1.OperationMetadataV1","target":"projects/functions-bank/locations/us-central1/functions/isUser","type":"UPDATE_FUNCTION","request":{"@type":"type.googleapis.com/google.cloud.functions.v1.CloudFunction","name":"projects/functions-bank/locations/us-central1/functions/isUser","httpsTrigger":{"url":"https://us-central1-functions-bank.cloudfunctions.net/isUser","securityLevel":"SECURE_ALWAYS"},"status":"ACTIVE","entryPoint":"isUser","timeout":"60s","availableMemoryMb":256,"serviceAccountEmail":"functions-bank@appspot.gserviceaccount.com","updateTime":"2022-08-01T03:03:35.172Z","versionId":"3","labels":{"deployment-tool":"cli-firebase"},"sourceUploadUrl":"https://storage.googleapis.com/uploads-870899510773.us-central1.cloudfunctions.appspot.com/68cd73d9-8107-4381-83c9-b2f133b0e5be.zip?GoogleAccessId=service-87983874345@gcf-admin-robot.iam.gserviceaccount.com&Expires=1659324899&Signature=fPtd0PQs75nSvEKMG6PEmLDJBvmgQfk6f4Oo%2FAqvFnW0UXY5%2BvJWE%2Bhu1zd3HOY1M3PpKrDyTrvLzg63%2BNCK6Jbikh11OoD8E7OCd7B5nZgvry2SsU7E1g6MjW0woV%2BgE0guS5rErAKlAnwNm42gzhPKmlriESEBUF1dZgAvTQnhjaMjEMx2aPZTeBp4KDpsO35QdGd79dtm1%2Frkr1tkkTsEBVx8ZZJuIV0hcvqJ5Bw7IeBqUiqBR0v3jqjMnuoPxDE6EDwkqiKRPutZQ6fYvfKVndNoT9O7RtZn4iodGfOlPIMpFd0zagzE%2FqpS9bWLQphEJtrGSNmaExmpAgOfiA%3D%3D","environmentVariables":{"FIREBASE_CONFIG":"{\"projectId\":\"functions-bank\",\"databaseURL\":\"https://functions-bank-default-rtdb.firebaseio.com\",\"storageBucket\":\"functions-bank.appspot.com\",\"locationId\":\"us-central\"}","GCLOUD_PROJECT":"functions-bank"},"runtime":"nodejs16","ingressSettings":"ALLOW_ALL","buildId":"7be85d7e-4a01-4ff7-9665-7d182714d886","buildName":"projects/87983874345/locations/us-central1/builds/7be85d7e-4a01-4ff7-9665-7d182714d886","dockerRegistry":"ARTIFACT_REGISTRY"},"versionId":"4","updateTime":"2022-08-01T03:04:59Z","buildId":"4ca72b9d-9623-44ce-af00-29fddad79c70","buildName":"projects/87983874345/locations/us-central1/builds/4ca72b9d-9623-44ce-af00-29fddad79c70"}}
[debug] [2022-08-01T03:05:56.464Z] [update-default-us-central1-isUser] Retrying task index 0
[debug] [2022-08-01T03:05:56.474Z] > refreshing access token with scopes: []
[debug] [2022-08-01T03:05:56.476Z] >>> [apiv2][query] POST https://www.googleapis.com/oauth2/v3/token [none]
[debug] [2022-08-01T03:05:56.477Z] >>> [apiv2][body] POST https://www.googleapis.com/oauth2/v3/token [omitted]
[debug] [2022-08-01T03:05:56.606Z] <<< [apiv2][status] POST https://www.googleapis.com/oauth2/v3/token 200
[debug] [2022-08-01T03:05:56.607Z] <<< [apiv2][body] POST https://www.googleapis.com/oauth2/v3/token [omitted]
[debug] [2022-08-01T03:05:56.685Z] >>> [apiv2][query] GET https://cloudfunctions.googleapis.com/v1/operations/ZnVuY3Rpb25zLWJhbmsvdXMtY2VudHJhbDEvaXNVc2VyLzRZbGdtREFhQkQw [none]
[debug] [2022-08-01T03:05:56.830Z] <<< [apiv2][status] GET https://cloudfunctions.googleapis.com/v1/operations/ZnVuY3Rpb25zLWJhbmsvdXMtY2VudHJhbDEvaXNVc2VyLzRZbGdtREFhQkQw 200
[debug] [2022-08-01T03:05:56.830Z] <<< [apiv2][body] GET https://cloudfunctions.googleapis.com/v1/operations/ZnVuY3Rpb25zLWJhbmsvdXMtY2VudHJhbDEvaXNVc2VyLzRZbGdtREFhQkQw {"name":"operations/ZnVuY3Rpb25zLWJhbmsvdXMtY2VudHJhbDEvaXNVc2VyLzRZbGdtREFhQkQw","metadata":{"@type":"type.googleapis.com/google.cloud.functions.v1.OperationMetadataV1","target":"projects/functions-bank/locations/us-central1/functions/isUser","type":"UPDATE_FUNCTION","request":{"@type":"type.googleapis.com/google.cloud.functions.v1.CloudFunction","name":"projects/functions-bank/locations/us-central1/functions/isUser","httpsTrigger":{"url":"https://us-central1-functions-bank.cloudfunctions.net/isUser","securityLevel":"SECURE_ALWAYS"},"status":"ACTIVE","entryPoint":"isUser","timeout":"60s","availableMemoryMb":256,"serviceAccountEmail":"functions-bank@appspot.gserviceaccount.com","updateTime":"2022-08-01T03:03:35.172Z","versionId":"3","labels":{"deployment-tool":"cli-firebase"},"sourceUploadUrl":"https://storage.googleapis.com/uploads-870899510773.us-central1.cloudfunctions.appspot.com/68cd73d9-8107-4381-83c9-b2f133b0e5be.zip?GoogleAccessId=service-87983874345@gcf-admin-robot.iam.gserviceaccount.com&Expires=1659324899&Signature=fPtd0PQs75nSvEKMG6PEmLDJBvmgQfk6f4Oo%2FAqvFnW0UXY5%2BvJWE%2Bhu1zd3HOY1M3PpKrDyTrvLzg63%2BNCK6Jbikh11OoD8E7OCd7B5nZgvry2SsU7E1g6MjW0woV%2BgE0guS5rErAKlAnwNm42gzhPKmlriESEBUF1dZgAvTQnhjaMjEMx2aPZTeBp4KDpsO35QdGd79dtm1%2Frkr1tkkTsEBVx8ZZJuIV0hcvqJ5Bw7IeBqUiqBR0v3jqjMnuoPxDE6EDwkqiKRPutZQ6fYvfKVndNoT9O7RtZn4iodGfOlPIMpFd0zagzE%2FqpS9bWLQphEJtrGSNmaExmpAgOfiA%3D%3D","environmentVariables":{"FIREBASE_CONFIG":"{\"projectId\":\"functions-bank\",\"databaseURL\":\"https://functions-bank-default-rtdb.firebaseio.com\",\"storageBucket\":\"functions-bank.appspot.com\",\"locationId\":\"us-central\"}","GCLOUD_PROJECT":"functions-bank"},"runtime":"nodejs16","ingressSettings":"ALLOW_ALL","buildId":"7be85d7e-4a01-4ff7-9665-7d182714d886","buildName":"projects/87983874345/locations/us-central1/builds/7be85d7e-4a01-4ff7-9665-7d182714d886","dockerRegistry":"ARTIFACT_REGISTRY"},"versionId":"4","updateTime":"2022-08-01T03:04:59Z","buildId":"4ca72b9d-9623-44ce-af00-29fddad79c70","sourceToken":"a7c9c541-f5d3-44f6-861e-8e1a56a03e28","buildName":"projects/87983874345/locations/us-central1/builds/4ca72b9d-9623-44ce-af00-29fddad79c70"}}
[debug] [2022-08-01T03:05:56.830Z] Got source token a7c9c541-f5d3-44f6-861e-8e1a56a03e28 for region us-central1
[debug] [2022-08-01T03:06:06.831Z] [update-default-us-central1-isUser] Retrying task index 0
[debug] [2022-08-01T03:06:06.831Z] >>> [apiv2][query] GET https://cloudfunctions.googleapis.com/v1/operations/ZnVuY3Rpb25zLWJhbmsvdXMtY2VudHJhbDEvaXNVc2VyLzRZbGdtREFhQkQw [none]
[debug] [2022-08-01T03:06:07.015Z] <<< [apiv2][status] GET https://cloudfunctions.googleapis.com/v1/operations/ZnVuY3Rpb25zLWJhbmsvdXMtY2VudHJhbDEvaXNVc2VyLzRZbGdtREFhQkQw 200
[debug] [2022-08-01T03:06:07.015Z] <<< [apiv2][body] GET https://cloudfunctions.googleapis.com/v1/operations/ZnVuY3Rpb25zLWJhbmsvdXMtY2VudHJhbDEvaXNVc2VyLzRZbGdtREFhQkQw {"name":"operations/ZnVuY3Rpb25zLWJhbmsvdXMtY2VudHJhbDEvaXNVc2VyLzRZbGdtREFhQkQw","metadata":{"@type":"type.googleapis.com/google.cloud.functions.v1.OperationMetadataV1","target":"projects/functions-bank/locations/us-central1/functions/isUser","type":"UPDATE_FUNCTION","request":{"@type":"type.googleapis.com/google.cloud.functions.v1.CloudFunction","name":"projects/functions-bank/locations/us-central1/functions/isUser","httpsTrigger":{"url":"https://us-central1-functions-bank.cloudfunctions.net/isUser","securityLevel":"SECURE_ALWAYS"},"status":"ACTIVE","entryPoint":"isUser","timeout":"60s","availableMemoryMb":256,"serviceAccountEmail":"functions-bank@appspot.gserviceaccount.com","updateTime":"2022-08-01T03:03:35.172Z","versionId":"3","labels":{"deployment-tool":"cli-firebase"},"sourceUploadUrl":"https://storage.googleapis.com/uploads-870899510773.us-central1.cloudfunctions.appspot.com/68cd73d9-8107-4381-83c9-b2f133b0e5be.zip?GoogleAccessId=service-87983874345@gcf-admin-robot.iam.gserviceaccount.com&Expires=1659324899&Signature=fPtd0PQs75nSvEKMG6PEmLDJBvmgQfk6f4Oo%2FAqvFnW0UXY5%2BvJWE%2Bhu1zd3HOY1M3PpKrDyTrvLzg63%2BNCK6Jbikh11OoD8E7OCd7B5nZgvry2SsU7E1g6MjW0woV%2BgE0guS5rErAKlAnwNm42gzhPKmlriESEBUF1dZgAvTQnhjaMjEMx2aPZTeBp4KDpsO35QdGd79dtm1%2Frkr1tkkTsEBVx8ZZJuIV0hcvqJ5Bw7IeBqUiqBR0v3jqjMnuoPxDE6EDwkqiKRPutZQ6fYvfKVndNoT9O7RtZn4iodGfOlPIMpFd0zagzE%2FqpS9bWLQphEJtrGSNmaExmpAgOfiA%3D%3D","environmentVariables":{"FIREBASE_CONFIG":"{\"projectId\":\"functions-bank\",\"databaseURL\":\"https://functions-bank-default-rtdb.firebaseio.com\",\"storageBucket\":\"functions-bank.appspot.com\",\"locationId\":\"us-central\"}","GCLOUD_PROJECT":"functions-bank"},"runtime":"nodejs16","ingressSettings":"ALLOW_ALL","buildId":"7be85d7e-4a01-4ff7-9665-7d182714d886","buildName":"projects/87983874345/locations/us-central1/builds/7be85d7e-4a01-4ff7-9665-7d182714d886","dockerRegistry":"ARTIFACT_REGISTRY"},"versionId":"4","updateTime":"2022-08-01T03:04:59Z","buildId":"4ca72b9d-9623-44ce-af00-29fddad79c70","sourceToken":"a7c9c541-f5d3-44f6-861e-8e1a56a03e28","buildName":"projects/87983874345/locations/us-central1/builds/4ca72b9d-9623-44ce-af00-29fddad79c70"}}
[debug] [2022-08-01T03:06:07.015Z] Got source token a7c9c541-f5d3-44f6-861e-8e1a56a03e28 for region us-central1
[debug] [2022-08-01T03:06:17.016Z] [update-default-us-central1-isUser] Retrying task index 0
[debug] [2022-08-01T03:06:17.017Z] >>> [apiv2][query] GET https://cloudfunctions.googleapis.com/v1/operations/ZnVuY3Rpb25zLWJhbmsvdXMtY2VudHJhbDEvaXNVc2VyLzRZbGdtREFhQkQw [none]
[debug] [2022-08-01T03:06:17.143Z] <<< [apiv2][status] GET https://cloudfunctions.googleapis.com/v1/operations/ZnVuY3Rpb25zLWJhbmsvdXMtY2VudHJhbDEvaXNVc2VyLzRZbGdtREFhQkQw 200
[debug] [2022-08-01T03:06:17.143Z] <<< [apiv2][body] GET https://cloudfunctions.googleapis.com/v1/operations/ZnVuY3Rpb25zLWJhbmsvdXMtY2VudHJhbDEvaXNVc2VyLzRZbGdtREFhQkQw {"name":"operations/ZnVuY3Rpb25zLWJhbmsvdXMtY2VudHJhbDEvaXNVc2VyLzRZbGdtREFhQkQw","metadata":{"@type":"type.googleapis.com/google.cloud.functions.v1.OperationMetadataV1","target":"projects/functions-bank/locations/us-central1/functions/isUser","type":"UPDATE_FUNCTION","request":{"@type":"type.googleapis.com/google.cloud.functions.v1.CloudFunction","name":"projects/functions-bank/locations/us-central1/functions/isUser","httpsTrigger":{"url":"https://us-central1-functions-bank.cloudfunctions.net/isUser","securityLevel":"SECURE_ALWAYS"},"status":"ACTIVE","entryPoint":"isUser","timeout":"60s","availableMemoryMb":256,"serviceAccountEmail":"functions-bank@appspot.gserviceaccount.com","updateTime":"2022-08-01T03:03:35.172Z","versionId":"3","labels":{"deployment-tool":"cli-firebase"},"sourceUploadUrl":"https://storage.googleapis.com/uploads-870899510773.us-central1.cloudfunctions.appspot.com/68cd73d9-8107-4381-83c9-b2f133b0e5be.zip?GoogleAccessId=service-87983874345@gcf-admin-robot.iam.gserviceaccount.com&Expires=1659324899&Signature=fPtd0PQs75nSvEKMG6PEmLDJBvmgQfk6f4Oo%2FAqvFnW0UXY5%2BvJWE%2Bhu1zd3HOY1M3PpKrDyTrvLzg63%2BNCK6Jbikh11OoD8E7OCd7B5nZgvry2SsU7E1g6MjW0woV%2BgE0guS5rErAKlAnwNm42gzhPKmlriESEBUF1dZgAvTQnhjaMjEMx2aPZTeBp4KDpsO35QdGd79dtm1%2Frkr1tkkTsEBVx8ZZJuIV0hcvqJ5Bw7IeBqUiqBR0v3jqjMnuoPxDE6EDwkqiKRPutZQ6fYvfKVndNoT9O7RtZn4iodGfOlPIMpFd0zagzE%2FqpS9bWLQphEJtrGSNmaExmpAgOfiA%3D%3D","environmentVariables":{"FIREBASE_CONFIG":"{\"projectId\":\"functions-bank\",\"databaseURL\":\"https://functions-bank-default-rtdb.firebaseio.com\",\"storageBucket\":\"functions-bank.appspot.com\",\"locationId\":\"us-central\"}","GCLOUD_PROJECT":"functions-bank"},"runtime":"nodejs16","ingressSettings":"ALLOW_ALL","buildId":"7be85d7e-4a01-4ff7-9665-7d182714d886","buildName":"projects/87983874345/locations/us-central1/builds/7be85d7e-4a01-4ff7-9665-7d182714d886","dockerRegistry":"ARTIFACT_REGISTRY"},"versionId":"4","updateTime":"2022-08-01T03:04:59Z","buildId":"4ca72b9d-9623-44ce-af00-29fddad79c70","sourceToken":"a7c9c541-f5d3-44f6-861e-8e1a56a03e28","buildName":"projects/87983874345/locations/us-central1/builds/4ca72b9d-9623-44ce-af00-29fddad79c70"}}
[debug] [2022-08-01T03:06:17.143Z] Got source token a7c9c541-f5d3-44f6-861e-8e1a56a03e28 for region us-central1
[debug] [2022-08-01T03:06:27.144Z] [update-default-us-central1-isUser] Retrying task index 0
[debug] [2022-08-01T03:06:27.144Z] >>> [apiv2][query] GET https://cloudfunctions.googleapis.com/v1/operations/ZnVuY3Rpb25zLWJhbmsvdXMtY2VudHJhbDEvaXNVc2VyLzRZbGdtREFhQkQw [none]
[debug] [2022-08-01T03:06:27.369Z] <<< [apiv2][status] GET https://cloudfunctions.googleapis.com/v1/operations/ZnVuY3Rpb25zLWJhbmsvdXMtY2VudHJhbDEvaXNVc2VyLzRZbGdtREFhQkQw 200
[debug] [2022-08-01T03:06:27.369Z] <<< [apiv2][body] GET https://cloudfunctions.googleapis.com/v1/operations/ZnVuY3Rpb25zLWJhbmsvdXMtY2VudHJhbDEvaXNVc2VyLzRZbGdtREFhQkQw {"name":"operations/ZnVuY3Rpb25zLWJhbmsvdXMtY2VudHJhbDEvaXNVc2VyLzRZbGdtREFhQkQw","metadata":{"@type":"type.googleapis.com/google.cloud.functions.v1.OperationMetadataV1","target":"projects/functions-bank/locations/us-central1/functions/isUser","type":"UPDATE_FUNCTION","request":{"@type":"type.googleapis.com/google.cloud.functions.v1.CloudFunction","name":"projects/functions-bank/locations/us-central1/functions/isUser","httpsTrigger":{"url":"https://us-central1-functions-bank.cloudfunctions.net/isUser","securityLevel":"SECURE_ALWAYS"},"status":"ACTIVE","entryPoint":"isUser","timeout":"60s","availableMemoryMb":256,"serviceAccountEmail":"functions-bank@appspot.gserviceaccount.com","updateTime":"2022-08-01T03:03:35.172Z","versionId":"3","labels":{"deployment-tool":"cli-firebase"},"sourceUploadUrl":"https://storage.googleapis.com/uploads-870899510773.us-central1.cloudfunctions.appspot.com/68cd73d9-8107-4381-83c9-b2f133b0e5be.zip?GoogleAccessId=service-87983874345@gcf-admin-robot.iam.gserviceaccount.com&Expires=1659324899&Signature=fPtd0PQs75nSvEKMG6PEmLDJBvmgQfk6f4Oo%2FAqvFnW0UXY5%2BvJWE%2Bhu1zd3HOY1M3PpKrDyTrvLzg63%2BNCK6Jbikh11OoD8E7OCd7B5nZgvry2SsU7E1g6MjW0woV%2BgE0guS5rErAKlAnwNm42gzhPKmlriESEBUF1dZgAvTQnhjaMjEMx2aPZTeBp4KDpsO35QdGd79dtm1%2Frkr1tkkTsEBVx8ZZJuIV0hcvqJ5Bw7IeBqUiqBR0v3jqjMnuoPxDE6EDwkqiKRPutZQ6fYvfKVndNoT9O7RtZn4iodGfOlPIMpFd0zagzE%2FqpS9bWLQphEJtrGSNmaExmpAgOfiA%3D%3D","environmentVariables":{"FIREBASE_CONFIG":"{\"projectId\":\"functions-bank\",\"databaseURL\":\"https://functions-bank-default-rtdb.firebaseio.com\",\"storageBucket\":\"functions-bank.appspot.com\",\"locationId\":\"us-central\"}","GCLOUD_PROJECT":"functions-bank"},"runtime":"nodejs16","ingressSettings":"ALLOW_ALL","buildId":"7be85d7e-4a01-4ff7-9665-7d182714d886","buildName":"projects/87983874345/locations/us-central1/builds/7be85d7e-4a01-4ff7-9665-7d182714d886","dockerRegistry":"ARTIFACT_REGISTRY"},"versionId":"4","updateTime":"2022-08-01T03:04:59Z","buildId":"4ca72b9d-9623-44ce-af00-29fddad79c70","sourceToken":"a7c9c541-f5d3-44f6-861e-8e1a56a03e28","buildName":"projects/87983874345/locations/us-central1/builds/4ca72b9d-9623-44ce-af00-29fddad79c70"}}
[debug] [2022-08-01T03:06:27.369Z] Got source token a7c9c541-f5d3-44f6-861e-8e1a56a03e28 for region us-central1
[debug] [2022-08-01T03:06:37.370Z] [update-default-us-central1-isUser] Retrying task index 0
[debug] [2022-08-01T03:06:37.371Z] >>> [apiv2][query] GET https://cloudfunctions.googleapis.com/v1/operations/ZnVuY3Rpb25zLWJhbmsvdXMtY2VudHJhbDEvaXNVc2VyLzRZbGdtREFhQkQw [none]
[debug] [2022-08-01T03:06:37.498Z] <<< [apiv2][status] GET https://cloudfunctions.googleapis.com/v1/operations/ZnVuY3Rpb25zLWJhbmsvdXMtY2VudHJhbDEvaXNVc2VyLzRZbGdtREFhQkQw 200
[debug] [2022-08-01T03:06:37.498Z] <<< [apiv2][body] GET https://cloudfunctions.googleapis.com/v1/operations/ZnVuY3Rpb25zLWJhbmsvdXMtY2VudHJhbDEvaXNVc2VyLzRZbGdtREFhQkQw {"name":"operations/ZnVuY3Rpb25zLWJhbmsvdXMtY2VudHJhbDEvaXNVc2VyLzRZbGdtREFhQkQw","metadata":{"@type":"type.googleapis.com/google.cloud.functions.v1.OperationMetadataV1","target":"projects/functions-bank/locations/us-central1/functions/isUser","type":"UPDATE_FUNCTION","request":{"@type":"type.googleapis.com/google.cloud.functions.v1.CloudFunction","name":"projects/functions-bank/locations/us-central1/functions/isUser","httpsTrigger":{"url":"https://us-central1-functions-bank.cloudfunctions.net/isUser","securityLevel":"SECURE_ALWAYS"},"status":"ACTIVE","entryPoint":"isUser","timeout":"60s","availableMemoryMb":256,"serviceAccountEmail":"functions-bank@appspot.gserviceaccount.com","updateTime":"2022-08-01T03:03:35.172Z","versionId":"3","labels":{"deployment-tool":"cli-firebase"},"sourceUploadUrl":"https://storage.googleapis.com/uploads-870899510773.us-central1.cloudfunctions.appspot.com/68cd73d9-8107-4381-83c9-b2f133b0e5be.zip?GoogleAccessId=service-87983874345@gcf-admin-robot.iam.gserviceaccount.com&Expires=1659324899&Signature=fPtd0PQs75nSvEKMG6PEmLDJBvmgQfk6f4Oo%2FAqvFnW0UXY5%2BvJWE%2Bhu1zd3HOY1M3PpKrDyTrvLzg63%2BNCK6Jbikh11OoD8E7OCd7B5nZgvry2SsU7E1g6MjW0woV%2BgE0guS5rErAKlAnwNm42gzhPKmlriESEBUF1dZgAvTQnhjaMjEMx2aPZTeBp4KDpsO35QdGd79dtm1%2Frkr1tkkTsEBVx8ZZJuIV0hcvqJ5Bw7IeBqUiqBR0v3jqjMnuoPxDE6EDwkqiKRPutZQ6fYvfKVndNoT9O7RtZn4iodGfOlPIMpFd0zagzE%2FqpS9bWLQphEJtrGSNmaExmpAgOfiA%3D%3D","environmentVariables":{"FIREBASE_CONFIG":"{\"projectId\":\"functions-bank\",\"databaseURL\":\"https://functions-bank-default-rtdb.firebaseio.com\",\"storageBucket\":\"functions-bank.appspot.com\",\"locationId\":\"us-central\"}","GCLOUD_PROJECT":"functions-bank"},"runtime":"nodejs16","ingressSettings":"ALLOW_ALL","buildId":"7be85d7e-4a01-4ff7-9665-7d182714d886","buildName":"projects/87983874345/locations/us-central1/builds/7be85d7e-4a01-4ff7-9665-7d182714d886","dockerRegistry":"ARTIFACT_REGISTRY"},"versionId":"4","updateTime":"2022-08-01T03:04:59Z","buildId":"4ca72b9d-9623-44ce-af00-29fddad79c70","sourceToken":"a7c9c541-f5d3-44f6-861e-8e1a56a03e28","buildName":"projects/87983874345/locations/us-central1/builds/4ca72b9d-9623-44ce-af00-29fddad79c70"}}
[debug] [2022-08-01T03:06:37.498Z] Got source token a7c9c541-f5d3-44f6-861e-8e1a56a03e28 for region us-central1
[debug] [2022-08-01T03:06:47.499Z] [update-default-us-central1-isUser] Retrying task index 0
[debug] [2022-08-01T03:06:47.500Z] >>> [apiv2][query] GET https://cloudfunctions.googleapis.com/v1/operations/ZnVuY3Rpb25zLWJhbmsvdXMtY2VudHJhbDEvaXNVc2VyLzRZbGdtREFhQkQw [none]
[debug] [2022-08-01T03:06:47.728Z] <<< [apiv2][status] GET https://cloudfunctions.googleapis.com/v1/operations/ZnVuY3Rpb25zLWJhbmsvdXMtY2VudHJhbDEvaXNVc2VyLzRZbGdtREFhQkQw 200
[debug] [2022-08-01T03:06:47.728Z] <<< [apiv2][body] GET https://cloudfunctions.googleapis.com/v1/operations/ZnVuY3Rpb25zLWJhbmsvdXMtY2VudHJhbDEvaXNVc2VyLzRZbGdtREFhQkQw {"name":"operations/ZnVuY3Rpb25zLWJhbmsvdXMtY2VudHJhbDEvaXNVc2VyLzRZbGdtREFhQkQw","metadata":{"@type":"type.googleapis.com/google.cloud.functions.v1.OperationMetadataV1","target":"projects/functions-bank/locations/us-central1/functions/isUser","type":"UPDATE_FUNCTION","request":{"@type":"type.googleapis.com/google.cloud.functions.v1.CloudFunction","name":"projects/functions-bank/locations/us-central1/functions/isUser","httpsTrigger":{"url":"https://us-central1-functions-bank.cloudfunctions.net/isUser","securityLevel":"SECURE_ALWAYS"},"status":"ACTIVE","entryPoint":"isUser","timeout":"60s","availableMemoryMb":256,"serviceAccountEmail":"functions-bank@appspot.gserviceaccount.com","updateTime":"2022-08-01T03:03:35.172Z","versionId":"3","labels":{"deployment-tool":"cli-firebase"},"sourceUploadUrl":"https://storage.googleapis.com/uploads-870899510773.us-central1.cloudfunctions.appspot.com/68cd73d9-8107-4381-83c9-b2f133b0e5be.zip?GoogleAccessId=service-87983874345@gcf-admin-robot.iam.gserviceaccount.com&Expires=1659324899&Signature=fPtd0PQs75nSvEKMG6PEmLDJBvmgQfk6f4Oo%2FAqvFnW0UXY5%2BvJWE%2Bhu1zd3HOY1M3PpKrDyTrvLzg63%2BNCK6Jbikh11OoD8E7OCd7B5nZgvry2SsU7E1g6MjW0woV%2BgE0guS5rErAKlAnwNm42gzhPKmlriESEBUF1dZgAvTQnhjaMjEMx2aPZTeBp4KDpsO35QdGd79dtm1%2Frkr1tkkTsEBVx8ZZJuIV0hcvqJ5Bw7IeBqUiqBR0v3jqjMnuoPxDE6EDwkqiKRPutZQ6fYvfKVndNoT9O7RtZn4iodGfOlPIMpFd0zagzE%2FqpS9bWLQphEJtrGSNmaExmpAgOfiA%3D%3D","environmentVariables":{"FIREBASE_CONFIG":"{\"projectId\":\"functions-bank\",\"databaseURL\":\"https://functions-bank-default-rtdb.firebaseio.com\",\"storageBucket\":\"functions-bank.appspot.com\",\"locationId\":\"us-central\"}","GCLOUD_PROJECT":"functions-bank"},"runtime":"nodejs16","ingressSettings":"ALLOW_ALL","buildId":"7be85d7e-4a01-4ff7-9665-7d182714d886","buildName":"projects/87983874345/locations/us-central1/builds/7be85d7e-4a01-4ff7-9665-7d182714d886","dockerRegistry":"ARTIFACT_REGISTRY"},"versionId":"4","updateTime":"2022-08-01T03:04:59Z","buildId":"4ca72b9d-9623-44ce-af00-29fddad79c70","sourceToken":"a7c9c541-f5d3-44f6-861e-8e1a56a03e28","buildName":"projects/87983874345/locations/us-central1/builds/4ca72b9d-9623-44ce-af00-29fddad79c70"}}
[debug] [2022-08-01T03:06:47.728Z] Got source token a7c9c541-f5d3-44f6-861e-8e1a56a03e28 for region us-central1
