[debug] [2022-08-01T01:45:08.542Z] ----------------------------------------------------------------------
[debug] [2022-08-01T01:45:08.543Z] Command:       /Users/michaelpineiro/.nvm/versions/node/v16.16.0/bin/node /usr/local/bin/firebase deploy --only functions
[debug] [2022-08-01T01:45:08.543Z] CLI Version:   11.4.0
[debug] [2022-08-01T01:45:08.543Z] Platform:      darwin
[debug] [2022-08-01T01:45:08.543Z] Node Version:  v16.16.0
[debug] [2022-08-01T01:45:08.544Z] Time:          Sun Jul 31 2022 19:45:08 GMT-0600 (Mountain Daylight Time)
[debug] [2022-08-01T01:45:08.544Z] ----------------------------------------------------------------------
[debug] 
[debug] [2022-08-01T01:45:08.572Z] > command requires scopes: ["email","openid","https://www.googleapis.com/auth/cloudplatformprojects.readonly","https://www.googleapis.com/auth/firebase","https://www.googleapis.com/auth/cloud-platform"]
[debug] [2022-08-01T01:45:08.572Z] > authorizing via signed-in user (mikeypineiro@gmail.com)
[debug] [2022-08-01T01:45:08.572Z] [iam] checking project functions-bank for permissions ["cloudfunctions.functions.create","cloudfunctions.functions.delete","cloudfunctions.functions.get","cloudfunctions.functions.list","cloudfunctions.functions.update","cloudfunctions.operations.get","firebase.projects.get"]
[debug] [2022-08-01T01:45:08.573Z] >>> [apiv2][query] POST https://cloudresourcemanager.googleapis.com/v1/projects/functions-bank:testIamPermissions [none]
[debug] [2022-08-01T01:45:08.573Z] >>> [apiv2][(partial)header] POST https://cloudresourcemanager.googleapis.com/v1/projects/functions-bank:testIamPermissions x-goog-quota-user=projects/functions-bank
[debug] [2022-08-01T01:45:08.573Z] >>> [apiv2][body] POST https://cloudresourcemanager.googleapis.com/v1/projects/functions-bank:testIamPermissions {"permissions":["cloudfunctions.functions.create","cloudfunctions.functions.delete","cloudfunctions.functions.get","cloudfunctions.functions.list","cloudfunctions.functions.update","cloudfunctions.operations.get","firebase.projects.get"]}
[debug] [2022-08-01T01:45:08.791Z] <<< [apiv2][status] POST https://cloudresourcemanager.googleapis.com/v1/projects/functions-bank:testIamPermissions 200
[debug] [2022-08-01T01:45:08.791Z] <<< [apiv2][body] POST https://cloudresourcemanager.googleapis.com/v1/projects/functions-bank:testIamPermissions {"permissions":["cloudfunctions.functions.create","cloudfunctions.functions.delete","cloudfunctions.functions.get","cloudfunctions.functions.list","cloudfunctions.functions.update","cloudfunctions.operations.get","firebase.projects.get"]}
[debug] [2022-08-01T01:45:08.791Z] >>> [apiv2][query] POST https://iam.googleapis.com/v1/projects/functions-bank/serviceAccounts/functions-bank@appspot.gserviceaccount.com:testIamPermissions [none]
[debug] [2022-08-01T01:45:08.791Z] >>> [apiv2][body] POST https://iam.googleapis.com/v1/projects/functions-bank/serviceAccounts/functions-bank@appspot.gserviceaccount.com:testIamPermissions {"permissions":["iam.serviceAccounts.actAs"]}
[debug] [2022-08-01T01:45:08.999Z] <<< [apiv2][status] POST https://iam.googleapis.com/v1/projects/functions-bank/serviceAccounts/functions-bank@appspot.gserviceaccount.com:testIamPermissions 200
[debug] [2022-08-01T01:45:08.999Z] <<< [apiv2][body] POST https://iam.googleapis.com/v1/projects/functions-bank/serviceAccounts/functions-bank@appspot.gserviceaccount.com:testIamPermissions {"permissions":["iam.serviceAccounts.actAs"]}
[info] 
[info] === Deploying to 'functions-bank'...
[info] 
[info] i  deploying functions 
[debug] [2022-08-01T01:45:09.002Z] >>> [apiv2][query] GET https://firebase.googleapis.com/v1beta1/projects/functions-bank [none]
[debug] [2022-08-01T01:45:09.208Z] <<< [apiv2][status] GET https://firebase.googleapis.com/v1beta1/projects/functions-bank 200
[debug] [2022-08-01T01:45:09.208Z] <<< [apiv2][body] GET https://firebase.googleapis.com/v1beta1/projects/functions-bank {"projectId":"functions-bank","projectNumber":"87983874345","displayName":"functions-bank","name":"projects/functions-bank","resources":{"hostingSite":"functions-bank","realtimeDatabaseInstance":"functions-bank-default-rtdb","storageBucket":"functions-bank.appspot.com","locationId":"us-central"},"state":"ACTIVE","etag":"1_ce004374-0b88-4c0f-90cc-ba4e8b888c7c"}
[info] i  functions: ensuring required API cloudfunctions.googleapis.com is enabled... 
[info] i  functions: ensuring required API cloudbuild.googleapis.com is enabled... 
[info] i  artifactregistry: ensuring required API artifactregistry.googleapis.com is enabled... 
[debug] [2022-08-01T01:45:09.209Z] >>> [apiv2][query] GET https://serviceusage.googleapis.com/v1/projects/functions-bank/services/cloudfunctions.googleapis.com [none]
[debug] [2022-08-01T01:45:09.209Z] >>> [apiv2][query] GET https://serviceusage.googleapis.com/v1/projects/functions-bank/services/runtimeconfig.googleapis.com [none]
[debug] [2022-08-01T01:45:09.210Z] >>> [apiv2][query] GET https://serviceusage.googleapis.com/v1/projects/functions-bank/services/cloudbuild.googleapis.com [none]
[debug] [2022-08-01T01:45:09.210Z] >>> [apiv2][query] GET https://serviceusage.googleapis.com/v1/projects/functions-bank/services/artifactregistry.googleapis.com [none]
[debug] [2022-08-01T01:45:09.507Z] <<< [apiv2][status] GET https://serviceusage.googleapis.com/v1/projects/functions-bank/services/runtimeconfig.googleapis.com 200
[debug] [2022-08-01T01:45:09.507Z] <<< [apiv2][body] GET https://serviceusage.googleapis.com/v1/projects/functions-bank/services/runtimeconfig.googleapis.com [omitted]
[debug] [2022-08-01T01:45:09.508Z] <<< [apiv2][status] GET https://serviceusage.googleapis.com/v1/projects/functions-bank/services/artifactregistry.googleapis.com 200
[debug] [2022-08-01T01:45:09.508Z] <<< [apiv2][body] GET https://serviceusage.googleapis.com/v1/projects/functions-bank/services/artifactregistry.googleapis.com [omitted]
[info] ✔  artifactregistry: required API artifactregistry.googleapis.com is enabled 
[debug] [2022-08-01T01:45:09.510Z] <<< [apiv2][status] GET https://serviceusage.googleapis.com/v1/projects/functions-bank/services/cloudfunctions.googleapis.com 200
[debug] [2022-08-01T01:45:09.510Z] <<< [apiv2][body] GET https://serviceusage.googleapis.com/v1/projects/functions-bank/services/cloudfunctions.googleapis.com [omitted]
[info] ✔  functions: required API cloudfunctions.googleapis.com is enabled 
[debug] [2022-08-01T01:45:09.513Z] <<< [apiv2][status] GET https://serviceusage.googleapis.com/v1/projects/functions-bank/services/cloudbuild.googleapis.com 200
[debug] [2022-08-01T01:45:09.513Z] <<< [apiv2][body] GET https://serviceusage.googleapis.com/v1/projects/functions-bank/services/cloudbuild.googleapis.com [omitted]
[info] ✔  functions: required API cloudbuild.googleapis.com is enabled 
[debug] [2022-08-01T01:45:09.514Z] >>> [apiv2][query] GET https://firebase.googleapis.com/v1beta1/projects/functions-bank/adminSdkConfig [none]
[debug] [2022-08-01T01:45:09.691Z] <<< [apiv2][status] GET https://firebase.googleapis.com/v1beta1/projects/functions-bank/adminSdkConfig 200
[debug] [2022-08-01T01:45:09.691Z] <<< [apiv2][body] GET https://firebase.googleapis.com/v1beta1/projects/functions-bank/adminSdkConfig {"projectId":"functions-bank","databaseURL":"https://functions-bank-default-rtdb.firebaseio.com","storageBucket":"functions-bank.appspot.com","locationId":"us-central"}
[debug] [2022-08-01T01:45:09.692Z] >>> [apiv2][query] GET https://runtimeconfig.googleapis.com/v1beta1/projects/functions-bank/configs [none]
[debug] [2022-08-01T01:45:09.897Z] <<< [apiv2][status] GET https://runtimeconfig.googleapis.com/v1beta1/projects/functions-bank/configs 200
[debug] [2022-08-01T01:45:09.898Z] <<< [apiv2][body] GET https://runtimeconfig.googleapis.com/v1beta1/projects/functions-bank/configs {}
[info] i  functions: preparing codebase default for deployment 
[debug] [2022-08-01T01:45:09.900Z] Validating nodejs source
[debug] [2022-08-01T01:45:10.544Z] > [functions] package.json contents: {
  "name": "functions",
  "description": "Cloud Functions for Firebase",
  "scripts": {
    "serve": "firebase emulators:start --only functions",
    "shell": "firebase functions:shell",
    "start": "npm run shell",
    "deploy": "firebase deploy --only functions",
    "logs": "firebase functions:log"
  },
  "engines": {
    "node": "16"
  },
  "main": "index.js",
  "dependencies": {
    "firebase-admin": "^10.0.2",
    "firebase-functions": "^3.22.0"
  },
  "devDependencies": {
    "firebase-functions-test": "^0.2.0"
  },
  "private": true
}
[debug] [2022-08-01T01:45:10.544Z] Building nodejs source
[debug] [2022-08-01T01:45:10.545Z] Could not find functions.yaml. Must use http discovery
[debug] [2022-08-01T01:45:10.621Z] Serving at port 9005

[debug] [2022-08-01T01:45:10.700Z] Got response from /__/functions.yaml {"endpoints":{"isUser":{"platform":"gcfv1","httpsTrigger":{},"entryPoint":"isUser"}},"specVersion":"v1alpha1","requiredAPIs":[]}
[debug] [2022-08-01T01:45:10.703Z] shutdown requested via /__/quitquitquit

[info] i  functions: preparing functions directory for uploading... 
[info] i  functions: packaged /Users/michaelpineiro/Desktop/functions-bank/functions (56.22 KB) for uploading 
[debug] [2022-08-01T01:45:10.732Z] >>> [apiv2][query] GET https://cloudfunctions.googleapis.com/v1/projects/functions-bank/locations/-/functions [none]
[debug] [2022-08-01T01:45:11.325Z] <<< [apiv2][status] GET https://cloudfunctions.googleapis.com/v1/projects/functions-bank/locations/-/functions 200
[debug] [2022-08-01T01:45:11.326Z] <<< [apiv2][body] GET https://cloudfunctions.googleapis.com/v1/projects/functions-bank/locations/-/functions {"functions":[{"name":"projects/functions-bank/locations/us-central1/functions/isUser","httpsTrigger":{"url":"https://us-central1-functions-bank.cloudfunctions.net/isUser","securityLevel":"SECURE_ALWAYS"},"status":"OFFLINE","entryPoint":"isUser","timeout":"60s","availableMemoryMb":256,"serviceAccountEmail":"functions-bank@appspot.gserviceaccount.com","updateTime":"2022-08-01T01:36:35.529Z","versionId":"2","labels":{"deployment-tool":"cli-firebase"},"sourceUploadUrl":"https://storage.googleapis.com/uploads-870899510773.us-central1.cloudfunctions.appspot.com/5c7fb6d8-4152-467d-83e1-fdf4487cd386.zip","environmentVariables":{"FIREBASE_CONFIG":"{\"projectId\":\"functions-bank\",\"databaseURL\":\"https://functions-bank-default-rtdb.firebaseio.com\",\"storageBucket\":\"functions-bank.appspot.com\",\"locationId\":\"us-central\"}","GCLOUD_PROJECT":"functions-bank"},"runtime":"nodejs16","ingressSettings":"ALLOW_ALL","buildId":"aaa1745c-2b74-409b-ae87-758ccba754aa","buildName":"projects/87983874345/locations/us-central1/builds/aaa1745c-2b74-409b-ae87-758ccba754aa","dockerRegistry":"ARTIFACT_REGISTRY"}]}
[debug] [2022-08-01T01:45:11.327Z] >>> [apiv2][query] GET https://cloudfunctions.googleapis.com/v2alpha/projects/functions-bank/locations/-/functions [none]
[debug] [2022-08-01T01:45:11.932Z] <<< [apiv2][status] GET https://cloudfunctions.googleapis.com/v2alpha/projects/functions-bank/locations/-/functions 200
[debug] [2022-08-01T01:45:11.932Z] <<< [apiv2][body] GET https://cloudfunctions.googleapis.com/v2alpha/projects/functions-bank/locations/-/functions {}
[debug] [2022-08-01T01:45:11.942Z] >>> [apiv2][query] GET https://firebase.googleapis.com/v1beta1/projects/functions-bank [none]
[debug] [2022-08-01T01:45:12.117Z] <<< [apiv2][status] GET https://firebase.googleapis.com/v1beta1/projects/functions-bank 200
[debug] [2022-08-01T01:45:12.118Z] <<< [apiv2][body] GET https://firebase.googleapis.com/v1beta1/projects/functions-bank {"projectId":"functions-bank","projectNumber":"87983874345","displayName":"functions-bank","name":"projects/functions-bank","resources":{"hostingSite":"functions-bank","realtimeDatabaseInstance":"functions-bank-default-rtdb","storageBucket":"functions-bank.appspot.com","locationId":"us-central"},"state":"ACTIVE","etag":"1_ce004374-0b88-4c0f-90cc-ba4e8b888c7c"}
[debug] [2022-08-01T01:45:12.120Z] >>> [apiv2][query] POST https://cloudfunctions.googleapis.com/v1/projects/functions-bank/locations/us-central1/functions:generateUploadUrl [none]
[debug] [2022-08-01T01:45:12.120Z] >>> [apiv2][body] POST https://cloudfunctions.googleapis.com/v1/projects/functions-bank/locations/us-central1/functions:generateUploadUrl {}
[debug] [2022-08-01T01:45:12.508Z] <<< [apiv2][status] POST https://cloudfunctions.googleapis.com/v1/projects/functions-bank/locations/us-central1/functions:generateUploadUrl 200
[debug] [2022-08-01T01:45:12.508Z] <<< [apiv2][body] POST https://cloudfunctions.googleapis.com/v1/projects/functions-bank/locations/us-central1/functions:generateUploadUrl {"uploadUrl":"https://storage.googleapis.com/uploads-870899510773.us-central1.cloudfunctions.appspot.com/ae72b83e-51de-4186-86b4-553a3e10938e.zip?GoogleAccessId=service-87983874345@gcf-admin-robot.iam.gserviceaccount.com&Expires=1659320112&Signature=ZfVMQbZ65LbcA2DbLw3AR01sLcIQAjiy8nZbzcpff5RZ0orpQ6eycEdbIRqNhEQMoyRHUwiwKuokzCay2HKwtbqgw7vIKG5lef1Cn3zMwkxbRwognzXbmjJa4XakLmnLZmYv31Cxm6fKqMRF7JDVxzLY3RZxxYVueYLvlma2b6h4bzV7nXu3J3H2193GTLup5m1lbA1qVQCTHbMLe8PjLJr3nyfdnqeQu%2FpVZRyZX0rDuHdMovBYhlR4M56pN4RmRVmKAZjxBqpuUq6PzctcrSlkC8vsTPVfgIo7pGu9GHRehVYtWXLjP%2BD6L8iCtAEjpD3gfC7DTy1fsKW2iphvSA%3D%3D"}
[debug] [2022-08-01T01:45:12.509Z] >>> [apiv2][query] PUT https://storage.googleapis.com/uploads-870899510773.us-central1.cloudfunctions.appspot.com/ae72b83e-51de-4186-86b4-553a3e10938e.zip GoogleAccessId=service-87983874345%40gcf-admin-robot.iam.gserviceaccount.com&Expires=1659320112&Signature=ZfVMQbZ65LbcA2DbLw3AR01sLcIQAjiy8nZbzcpff5RZ0orpQ6eycEdbIRqNhEQMoyRHUwiwKuokzCay2HKwtbqgw7vIKG5lef1Cn3zMwkxbRwognzXbmjJa4XakLmnLZmYv31Cxm6fKqMRF7JDVxzLY3RZxxYVueYLvlma2b6h4bzV7nXu3J3H2193GTLup5m1lbA1qVQCTHbMLe8PjLJr3nyfdnqeQu%2FpVZRyZX0rDuHdMovBYhlR4M56pN4RmRVmKAZjxBqpuUq6PzctcrSlkC8vsTPVfgIo7pGu9GHRehVYtWXLjP%2BD6L8iCtAEjpD3gfC7DTy1fsKW2iphvSA%3D%3D
[debug] [2022-08-01T01:45:12.509Z] >>> [apiv2][body] PUT https://storage.googleapis.com/uploads-870899510773.us-central1.cloudfunctions.appspot.com/ae72b83e-51de-4186-86b4-553a3e10938e.zip [stream]
[debug] [2022-08-01T01:45:12.768Z] <<< [apiv2][status] PUT https://storage.googleapis.com/uploads-870899510773.us-central1.cloudfunctions.appspot.com/ae72b83e-51de-4186-86b4-553a3e10938e.zip 200
[debug] [2022-08-01T01:45:12.768Z] <<< [apiv2][body] PUT https://storage.googleapis.com/uploads-870899510773.us-central1.cloudfunctions.appspot.com/ae72b83e-51de-4186-86b4-553a3e10938e.zip [omitted]
[info] ✔  functions: functions folder uploaded successfully 
[info] i  functions: updating Node.js 16 function isUser(us-central1)... 
[debug] [2022-08-01T01:45:12.774Z] >>> [apiv2][query] PATCH https://cloudfunctions.googleapis.com/v1/projects/functions-bank/locations/us-central1/functions/isUser updateMask=name%2CsourceUploadUrl%2CentryPoint%2Cruntime%2CdockerRegistry%2Clabels%2ChttpsTrigger.securityLevel%2CavailableMemoryMb%2CenvironmentVariables%2Ctimeout%2CsourceToken
[debug] [2022-08-01T01:45:12.774Z] >>> [apiv2][body] PATCH https://cloudfunctions.googleapis.com/v1/projects/functions-bank/locations/us-central1/functions/isUser {"name":"projects/functions-bank/locations/us-central1/functions/isUser","sourceUploadUrl":"https://storage.googleapis.com/uploads-870899510773.us-central1.cloudfunctions.appspot.com/ae72b83e-51de-4186-86b4-553a3e10938e.zip?GoogleAccessId=service-87983874345@gcf-admin-robot.iam.gserviceaccount.com&Expires=1659320112&Signature=ZfVMQbZ65LbcA2DbLw3AR01sLcIQAjiy8nZbzcpff5RZ0orpQ6eycEdbIRqNhEQMoyRHUwiwKuokzCay2HKwtbqgw7vIKG5lef1Cn3zMwkxbRwognzXbmjJa4XakLmnLZmYv31Cxm6fKqMRF7JDVxzLY3RZxxYVueYLvlma2b6h4bzV7nXu3J3H2193GTLup5m1lbA1qVQCTHbMLe8PjLJr3nyfdnqeQu%2FpVZRyZX0rDuHdMovBYhlR4M56pN4RmRVmKAZjxBqpuUq6PzctcrSlkC8vsTPVfgIo7pGu9GHRehVYtWXLjP%2BD6L8iCtAEjpD3gfC7DTy1fsKW2iphvSA%3D%3D","entryPoint":"isUser","runtime":"nodejs16","dockerRegistry":"ARTIFACT_REGISTRY","labels":{"deployment-tool":"cli-firebase"},"httpsTrigger":{"securityLevel":"SECURE_ALWAYS"},"availableMemoryMb":256,"environmentVariables":{"FIREBASE_CONFIG":"{\"projectId\":\"functions-bank\",\"databaseURL\":\"https://functions-bank-default-rtdb.firebaseio.com\",\"storageBucket\":\"functions-bank.appspot.com\",\"locationId\":\"us-central\"}","GCLOUD_PROJECT":"functions-bank"},"timeout":"60s"}
[debug] [2022-08-01T01:45:13.130Z] <<< [apiv2][status] PATCH https://cloudfunctions.googleapis.com/v1/projects/functions-bank/locations/us-central1/functions/isUser 200
[debug] [2022-08-01T01:45:13.130Z] <<< [apiv2][body] PATCH https://cloudfunctions.googleapis.com/v1/projects/functions-bank/locations/us-central1/functions/isUser {"name":"operations/ZnVuY3Rpb25zLWJhbmsvdXMtY2VudHJhbDEvaXNVc2VyL0ZSdkNfSlRXaHVj","metadata":{"@type":"type.googleapis.com/google.cloud.functions.v1.OperationMetadataV1","target":"projects/functions-bank/locations/us-central1/functions/isUser","type":"UPDATE_FUNCTION","request":{"@type":"type.googleapis.com/google.cloud.functions.v1.CloudFunction","name":"projects/functions-bank/locations/us-central1/functions/isUser","httpsTrigger":{"url":"https://us-central1-functions-bank.cloudfunctions.net/isUser","securityLevel":"SECURE_ALWAYS"},"status":"OFFLINE","entryPoint":"isUser","timeout":"60s","availableMemoryMb":256,"serviceAccountEmail":"functions-bank@appspot.gserviceaccount.com","updateTime":"2022-08-01T01:36:35.529Z","versionId":"2","labels":{"deployment-tool":"cli-firebase"},"sourceUploadUrl":"https://storage.googleapis.com/uploads-870899510773.us-central1.cloudfunctions.appspot.com/ae72b83e-51de-4186-86b4-553a3e10938e.zip?GoogleAccessId=service-87983874345@gcf-admin-robot.iam.gserviceaccount.com&Expires=1659320112&Signature=ZfVMQbZ65LbcA2DbLw3AR01sLcIQAjiy8nZbzcpff5RZ0orpQ6eycEdbIRqNhEQMoyRHUwiwKuokzCay2HKwtbqgw7vIKG5lef1Cn3zMwkxbRwognzXbmjJa4XakLmnLZmYv31Cxm6fKqMRF7JDVxzLY3RZxxYVueYLvlma2b6h4bzV7nXu3J3H2193GTLup5m1lbA1qVQCTHbMLe8PjLJr3nyfdnqeQu%2FpVZRyZX0rDuHdMovBYhlR4M56pN4RmRVmKAZjxBqpuUq6PzctcrSlkC8vsTPVfgIo7pGu9GHRehVYtWXLjP%2BD6L8iCtAEjpD3gfC7DTy1fsKW2iphvSA%3D%3D","environmentVariables":{"FIREBASE_CONFIG":"{\"projectId\":\"functions-bank\",\"databaseURL\":\"https://functions-bank-default-rtdb.firebaseio.com\",\"storageBucket\":\"functions-bank.appspot.com\",\"locationId\":\"us-central\"}","GCLOUD_PROJECT":"functions-bank"},"runtime":"nodejs16","ingressSettings":"ALLOW_ALL","buildId":"aaa1745c-2b74-409b-ae87-758ccba754aa","buildName":"projects/87983874345/locations/us-central1/builds/aaa1745c-2b74-409b-ae87-758ccba754aa","dockerRegistry":"ARTIFACT_REGISTRY"},"versionId":"3","updateTime":"2022-08-01T01:45:13Z"}}
[debug] [2022-08-01T01:45:13.131Z] >>> [apiv2][query] GET https://cloudfunctions.googleapis.com/v1/operations/ZnVuY3Rpb25zLWJhbmsvdXMtY2VudHJhbDEvaXNVc2VyL0ZSdkNfSlRXaHVj [none]
[debug] [2022-08-01T01:45:13.276Z] <<< [apiv2][status] GET https://cloudfunctions.googleapis.com/v1/operations/ZnVuY3Rpb25zLWJhbmsvdXMtY2VudHJhbDEvaXNVc2VyL0ZSdkNfSlRXaHVj 200
[debug] [2022-08-01T01:45:13.276Z] <<< [apiv2][body] GET https://cloudfunctions.googleapis.com/v1/operations/ZnVuY3Rpb25zLWJhbmsvdXMtY2VudHJhbDEvaXNVc2VyL0ZSdkNfSlRXaHVj {"name":"operations/ZnVuY3Rpb25zLWJhbmsvdXMtY2VudHJhbDEvaXNVc2VyL0ZSdkNfSlRXaHVj","metadata":{"@type":"type.googleapis.com/google.cloud.functions.v1.OperationMetadataV1","target":"projects/functions-bank/locations/us-central1/functions/isUser","type":"UPDATE_FUNCTION","request":{"@type":"type.googleapis.com/google.cloud.functions.v1.CloudFunction","name":"projects/functions-bank/locations/us-central1/functions/isUser","httpsTrigger":{"url":"https://us-central1-functions-bank.cloudfunctions.net/isUser","securityLevel":"SECURE_ALWAYS"},"status":"OFFLINE","entryPoint":"isUser","timeout":"60s","availableMemoryMb":256,"serviceAccountEmail":"functions-bank@appspot.gserviceaccount.com","updateTime":"2022-08-01T01:36:35.529Z","versionId":"2","labels":{"deployment-tool":"cli-firebase"},"sourceUploadUrl":"https://storage.googleapis.com/uploads-870899510773.us-central1.cloudfunctions.appspot.com/ae72b83e-51de-4186-86b4-553a3e10938e.zip?GoogleAccessId=service-87983874345@gcf-admin-robot.iam.gserviceaccount.com&Expires=1659320112&Signature=ZfVMQbZ65LbcA2DbLw3AR01sLcIQAjiy8nZbzcpff5RZ0orpQ6eycEdbIRqNhEQMoyRHUwiwKuokzCay2HKwtbqgw7vIKG5lef1Cn3zMwkxbRwognzXbmjJa4XakLmnLZmYv31Cxm6fKqMRF7JDVxzLY3RZxxYVueYLvlma2b6h4bzV7nXu3J3H2193GTLup5m1lbA1qVQCTHbMLe8PjLJr3nyfdnqeQu%2FpVZRyZX0rDuHdMovBYhlR4M56pN4RmRVmKAZjxBqpuUq6PzctcrSlkC8vsTPVfgIo7pGu9GHRehVYtWXLjP%2BD6L8iCtAEjpD3gfC7DTy1fsKW2iphvSA%3D%3D","environmentVariables":{"FIREBASE_CONFIG":"{\"projectId\":\"functions-bank\",\"databaseURL\":\"https://functions-bank-default-rtdb.firebaseio.com\",\"storageBucket\":\"functions-bank.appspot.com\",\"locationId\":\"us-central\"}","GCLOUD_PROJECT":"functions-bank"},"runtime":"nodejs16","ingressSettings":"ALLOW_ALL","buildId":"aaa1745c-2b74-409b-ae87-758ccba754aa","buildName":"projects/87983874345/locations/us-central1/builds/aaa1745c-2b74-409b-ae87-758ccba754aa","dockerRegistry":"ARTIFACT_REGISTRY"},"versionId":"3","updateTime":"2022-08-01T01:45:13Z"}}
[debug] [2022-08-01T01:45:13.778Z] [update-default-us-central1-isUser] Retrying task index 0
[debug] [2022-08-01T01:45:13.778Z] >>> [apiv2][query] GET https://cloudfunctions.googleapis.com/v1/operations/ZnVuY3Rpb25zLWJhbmsvdXMtY2VudHJhbDEvaXNVc2VyL0ZSdkNfSlRXaHVj [none]
[debug] [2022-08-01T01:45:13.913Z] <<< [apiv2][status] GET https://cloudfunctions.googleapis.com/v1/operations/ZnVuY3Rpb25zLWJhbmsvdXMtY2VudHJhbDEvaXNVc2VyL0ZSdkNfSlRXaHVj 200
[debug] [2022-08-01T01:45:13.913Z] <<< [apiv2][body] GET https://cloudfunctions.googleapis.com/v1/operations/ZnVuY3Rpb25zLWJhbmsvdXMtY2VudHJhbDEvaXNVc2VyL0ZSdkNfSlRXaHVj {"name":"operations/ZnVuY3Rpb25zLWJhbmsvdXMtY2VudHJhbDEvaXNVc2VyL0ZSdkNfSlRXaHVj","metadata":{"@type":"type.googleapis.com/google.cloud.functions.v1.OperationMetadataV1","target":"projects/functions-bank/locations/us-central1/functions/isUser","type":"UPDATE_FUNCTION","request":{"@type":"type.googleapis.com/google.cloud.functions.v1.CloudFunction","name":"projects/functions-bank/locations/us-central1/functions/isUser","httpsTrigger":{"url":"https://us-central1-functions-bank.cloudfunctions.net/isUser","securityLevel":"SECURE_ALWAYS"},"status":"OFFLINE","entryPoint":"isUser","timeout":"60s","availableMemoryMb":256,"serviceAccountEmail":"functions-bank@appspot.gserviceaccount.com","updateTime":"2022-08-01T01:36:35.529Z","versionId":"2","labels":{"deployment-tool":"cli-firebase"},"sourceUploadUrl":"https://storage.googleapis.com/uploads-870899510773.us-central1.cloudfunctions.appspot.com/ae72b83e-51de-4186-86b4-553a3e10938e.zip?GoogleAccessId=service-87983874345@gcf-admin-robot.iam.gserviceaccount.com&Expires=1659320112&Signature=ZfVMQbZ65LbcA2DbLw3AR01sLcIQAjiy8nZbzcpff5RZ0orpQ6eycEdbIRqNhEQMoyRHUwiwKuokzCay2HKwtbqgw7vIKG5lef1Cn3zMwkxbRwognzXbmjJa4XakLmnLZmYv31Cxm6fKqMRF7JDVxzLY3RZxxYVueYLvlma2b6h4bzV7nXu3J3H2193GTLup5m1lbA1qVQCTHbMLe8PjLJr3nyfdnqeQu%2FpVZRyZX0rDuHdMovBYhlR4M56pN4RmRVmKAZjxBqpuUq6PzctcrSlkC8vsTPVfgIo7pGu9GHRehVYtWXLjP%2BD6L8iCtAEjpD3gfC7DTy1fsKW2iphvSA%3D%3D","environmentVariables":{"FIREBASE_CONFIG":"{\"projectId\":\"functions-bank\",\"databaseURL\":\"https://functions-bank-default-rtdb.firebaseio.com\",\"storageBucket\":\"functions-bank.appspot.com\",\"locationId\":\"us-central\"}","GCLOUD_PROJECT":"functions-bank"},"runtime":"nodejs16","ingressSettings":"ALLOW_ALL","buildId":"aaa1745c-2b74-409b-ae87-758ccba754aa","buildName":"projects/87983874345/locations/us-central1/builds/aaa1745c-2b74-409b-ae87-758ccba754aa","dockerRegistry":"ARTIFACT_REGISTRY"},"versionId":"3","updateTime":"2022-08-01T01:45:13Z","buildId":"70502a68-456e-47f6-ba55-61a0aa274daa","buildName":"projects/87983874345/locations/us-central1/builds/70502a68-456e-47f6-ba55-61a0aa274daa"}}
[debug] [2022-08-01T01:45:14.914Z] [update-default-us-central1-isUser] Retrying task index 0
[debug] [2022-08-01T01:45:14.915Z] >>> [apiv2][query] GET https://cloudfunctions.googleapis.com/v1/operations/ZnVuY3Rpb25zLWJhbmsvdXMtY2VudHJhbDEvaXNVc2VyL0ZSdkNfSlRXaHVj [none]
[debug] [2022-08-01T01:45:15.045Z] <<< [apiv2][status] GET https://cloudfunctions.googleapis.com/v1/operations/ZnVuY3Rpb25zLWJhbmsvdXMtY2VudHJhbDEvaXNVc2VyL0ZSdkNfSlRXaHVj 200
[debug] [2022-08-01T01:45:15.045Z] <<< [apiv2][body] GET https://cloudfunctions.googleapis.com/v1/operations/ZnVuY3Rpb25zLWJhbmsvdXMtY2VudHJhbDEvaXNVc2VyL0ZSdkNfSlRXaHVj {"name":"operations/ZnVuY3Rpb25zLWJhbmsvdXMtY2VudHJhbDEvaXNVc2VyL0ZSdkNfSlRXaHVj","metadata":{"@type":"type.googleapis.com/google.cloud.functions.v1.OperationMetadataV1","target":"projects/functions-bank/locations/us-central1/functions/isUser","type":"UPDATE_FUNCTION","request":{"@type":"type.googleapis.com/google.cloud.functions.v1.CloudFunction","name":"projects/functions-bank/locations/us-central1/functions/isUser","httpsTrigger":{"url":"https://us-central1-functions-bank.cloudfunctions.net/isUser","securityLevel":"SECURE_ALWAYS"},"status":"OFFLINE","entryPoint":"isUser","timeout":"60s","availableMemoryMb":256,"serviceAccountEmail":"functions-bank@appspot.gserviceaccount.com","updateTime":"2022-08-01T01:36:35.529Z","versionId":"2","labels":{"deployment-tool":"cli-firebase"},"sourceUploadUrl":"https://storage.googleapis.com/uploads-870899510773.us-central1.cloudfunctions.appspot.com/ae72b83e-51de-4186-86b4-553a3e10938e.zip?GoogleAccessId=service-87983874345@gcf-admin-robot.iam.gserviceaccount.com&Expires=1659320112&Signature=ZfVMQbZ65LbcA2DbLw3AR01sLcIQAjiy8nZbzcpff5RZ0orpQ6eycEdbIRqNhEQMoyRHUwiwKuokzCay2HKwtbqgw7vIKG5lef1Cn3zMwkxbRwognzXbmjJa4XakLmnLZmYv31Cxm6fKqMRF7JDVxzLY3RZxxYVueYLvlma2b6h4bzV7nXu3J3H2193GTLup5m1lbA1qVQCTHbMLe8PjLJr3nyfdnqeQu%2FpVZRyZX0rDuHdMovBYhlR4M56pN4RmRVmKAZjxBqpuUq6PzctcrSlkC8vsTPVfgIo7pGu9GHRehVYtWXLjP%2BD6L8iCtAEjpD3gfC7DTy1fsKW2iphvSA%3D%3D","environmentVariables":{"FIREBASE_CONFIG":"{\"projectId\":\"functions-bank\",\"databaseURL\":\"https://functions-bank-default-rtdb.firebaseio.com\",\"storageBucket\":\"functions-bank.appspot.com\",\"locationId\":\"us-central\"}","GCLOUD_PROJECT":"functions-bank"},"runtime":"nodejs16","ingressSettings":"ALLOW_ALL","buildId":"aaa1745c-2b74-409b-ae87-758ccba754aa","buildName":"projects/87983874345/locations/us-central1/builds/aaa1745c-2b74-409b-ae87-758ccba754aa","dockerRegistry":"ARTIFACT_REGISTRY"},"versionId":"3","updateTime":"2022-08-01T01:45:13Z","buildId":"70502a68-456e-47f6-ba55-61a0aa274daa","buildName":"projects/87983874345/locations/us-central1/builds/70502a68-456e-47f6-ba55-61a0aa274daa"}}
[debug] [2022-08-01T01:45:17.048Z] [update-default-us-central1-isUser] Retrying task index 0
[debug] [2022-08-01T01:45:17.049Z] >>> [apiv2][query] GET https://cloudfunctions.googleapis.com/v1/operations/ZnVuY3Rpb25zLWJhbmsvdXMtY2VudHJhbDEvaXNVc2VyL0ZSdkNfSlRXaHVj [none]
[debug] [2022-08-01T01:45:17.186Z] <<< [apiv2][status] GET https://cloudfunctions.googleapis.com/v1/operations/ZnVuY3Rpb25zLWJhbmsvdXMtY2VudHJhbDEvaXNVc2VyL0ZSdkNfSlRXaHVj 200
[debug] [2022-08-01T01:45:17.187Z] <<< [apiv2][body] GET https://cloudfunctions.googleapis.com/v1/operations/ZnVuY3Rpb25zLWJhbmsvdXMtY2VudHJhbDEvaXNVc2VyL0ZSdkNfSlRXaHVj {"name":"operations/ZnVuY3Rpb25zLWJhbmsvdXMtY2VudHJhbDEvaXNVc2VyL0ZSdkNfSlRXaHVj","metadata":{"@type":"type.googleapis.com/google.cloud.functions.v1.OperationMetadataV1","target":"projects/functions-bank/locations/us-central1/functions/isUser","type":"UPDATE_FUNCTION","request":{"@type":"type.googleapis.com/google.cloud.functions.v1.CloudFunction","name":"projects/functions-bank/locations/us-central1/functions/isUser","httpsTrigger":{"url":"https://us-central1-functions-bank.cloudfunctions.net/isUser","securityLevel":"SECURE_ALWAYS"},"status":"OFFLINE","entryPoint":"isUser","timeout":"60s","availableMemoryMb":256,"serviceAccountEmail":"functions-bank@appspot.gserviceaccount.com","updateTime":"2022-08-01T01:36:35.529Z","versionId":"2","labels":{"deployment-tool":"cli-firebase"},"sourceUploadUrl":"https://storage.googleapis.com/uploads-870899510773.us-central1.cloudfunctions.appspot.com/ae72b83e-51de-4186-86b4-553a3e10938e.zip?GoogleAccessId=service-87983874345@gcf-admin-robot.iam.gserviceaccount.com&Expires=1659320112&Signature=ZfVMQbZ65LbcA2DbLw3AR01sLcIQAjiy8nZbzcpff5RZ0orpQ6eycEdbIRqNhEQMoyRHUwiwKuokzCay2HKwtbqgw7vIKG5lef1Cn3zMwkxbRwognzXbmjJa4XakLmnLZmYv31Cxm6fKqMRF7JDVxzLY3RZxxYVueYLvlma2b6h4bzV7nXu3J3H2193GTLup5m1lbA1qVQCTHbMLe8PjLJr3nyfdnqeQu%2FpVZRyZX0rDuHdMovBYhlR4M56pN4RmRVmKAZjxBqpuUq6PzctcrSlkC8vsTPVfgIo7pGu9GHRehVYtWXLjP%2BD6L8iCtAEjpD3gfC7DTy1fsKW2iphvSA%3D%3D","environmentVariables":{"FIREBASE_CONFIG":"{\"projectId\":\"functions-bank\",\"databaseURL\":\"https://functions-bank-default-rtdb.firebaseio.com\",\"storageBucket\":\"functions-bank.appspot.com\",\"locationId\":\"us-central\"}","GCLOUD_PROJECT":"functions-bank"},"runtime":"nodejs16","ingressSettings":"ALLOW_ALL","buildId":"aaa1745c-2b74-409b-ae87-758ccba754aa","buildName":"projects/87983874345/locations/us-central1/builds/aaa1745c-2b74-409b-ae87-758ccba754aa","dockerRegistry":"ARTIFACT_REGISTRY"},"versionId":"3","updateTime":"2022-08-01T01:45:13Z","buildId":"70502a68-456e-47f6-ba55-61a0aa274daa","buildName":"projects/87983874345/locations/us-central1/builds/70502a68-456e-47f6-ba55-61a0aa274daa"}}
[debug] [2022-08-01T01:45:21.188Z] [update-default-us-central1-isUser] Retrying task index 0
[debug] [2022-08-01T01:45:21.189Z] >>> [apiv2][query] GET https://cloudfunctions.googleapis.com/v1/operations/ZnVuY3Rpb25zLWJhbmsvdXMtY2VudHJhbDEvaXNVc2VyL0ZSdkNfSlRXaHVj [none]
[debug] [2022-08-01T01:45:21.326Z] <<< [apiv2][status] GET https://cloudfunctions.googleapis.com/v1/operations/ZnVuY3Rpb25zLWJhbmsvdXMtY2VudHJhbDEvaXNVc2VyL0ZSdkNfSlRXaHVj 200
[debug] [2022-08-01T01:45:21.327Z] <<< [apiv2][body] GET https://cloudfunctions.googleapis.com/v1/operations/ZnVuY3Rpb25zLWJhbmsvdXMtY2VudHJhbDEvaXNVc2VyL0ZSdkNfSlRXaHVj {"name":"operations/ZnVuY3Rpb25zLWJhbmsvdXMtY2VudHJhbDEvaXNVc2VyL0ZSdkNfSlRXaHVj","metadata":{"@type":"type.googleapis.com/google.cloud.functions.v1.OperationMetadataV1","target":"projects/functions-bank/locations/us-central1/functions/isUser","type":"UPDATE_FUNCTION","request":{"@type":"type.googleapis.com/google.cloud.functions.v1.CloudFunction","name":"projects/functions-bank/locations/us-central1/functions/isUser","httpsTrigger":{"url":"https://us-central1-functions-bank.cloudfunctions.net/isUser","securityLevel":"SECURE_ALWAYS"},"status":"OFFLINE","entryPoint":"isUser","timeout":"60s","availableMemoryMb":256,"serviceAccountEmail":"functions-bank@appspot.gserviceaccount.com","updateTime":"2022-08-01T01:36:35.529Z","versionId":"2","labels":{"deployment-tool":"cli-firebase"},"sourceUploadUrl":"https://storage.googleapis.com/uploads-870899510773.us-central1.cloudfunctions.appspot.com/ae72b83e-51de-4186-86b4-553a3e10938e.zip?GoogleAccessId=service-87983874345@gcf-admin-robot.iam.gserviceaccount.com&Expires=1659320112&Signature=ZfVMQbZ65LbcA2DbLw3AR01sLcIQAjiy8nZbzcpff5RZ0orpQ6eycEdbIRqNhEQMoyRHUwiwKuokzCay2HKwtbqgw7vIKG5lef1Cn3zMwkxbRwognzXbmjJa4XakLmnLZmYv31Cxm6fKqMRF7JDVxzLY3RZxxYVueYLvlma2b6h4bzV7nXu3J3H2193GTLup5m1lbA1qVQCTHbMLe8PjLJr3nyfdnqeQu%2FpVZRyZX0rDuHdMovBYhlR4M56pN4RmRVmKAZjxBqpuUq6PzctcrSlkC8vsTPVfgIo7pGu9GHRehVYtWXLjP%2BD6L8iCtAEjpD3gfC7DTy1fsKW2iphvSA%3D%3D","environmentVariables":{"FIREBASE_CONFIG":"{\"projectId\":\"functions-bank\",\"databaseURL\":\"https://functions-bank-default-rtdb.firebaseio.com\",\"storageBucket\":\"functions-bank.appspot.com\",\"locationId\":\"us-central\"}","GCLOUD_PROJECT":"functions-bank"},"runtime":"nodejs16","ingressSettings":"ALLOW_ALL","buildId":"aaa1745c-2b74-409b-ae87-758ccba754aa","buildName":"projects/87983874345/locations/us-central1/builds/aaa1745c-2b74-409b-ae87-758ccba754aa","dockerRegistry":"ARTIFACT_REGISTRY"},"versionId":"3","updateTime":"2022-08-01T01:45:13Z","buildId":"70502a68-456e-47f6-ba55-61a0aa274daa","buildName":"projects/87983874345/locations/us-central1/builds/70502a68-456e-47f6-ba55-61a0aa274daa"}}
[debug] [2022-08-01T01:45:29.328Z] [update-default-us-central1-isUser] Retrying task index 0
[debug] [2022-08-01T01:45:29.329Z] >>> [apiv2][query] GET https://cloudfunctions.googleapis.com/v1/operations/ZnVuY3Rpb25zLWJhbmsvdXMtY2VudHJhbDEvaXNVc2VyL0ZSdkNfSlRXaHVj [none]
[debug] [2022-08-01T01:45:29.458Z] <<< [apiv2][status] GET https://cloudfunctions.googleapis.com/v1/operations/ZnVuY3Rpb25zLWJhbmsvdXMtY2VudHJhbDEvaXNVc2VyL0ZSdkNfSlRXaHVj 200
[debug] [2022-08-01T01:45:29.458Z] <<< [apiv2][body] GET https://cloudfunctions.googleapis.com/v1/operations/ZnVuY3Rpb25zLWJhbmsvdXMtY2VudHJhbDEvaXNVc2VyL0ZSdkNfSlRXaHVj {"name":"operations/ZnVuY3Rpb25zLWJhbmsvdXMtY2VudHJhbDEvaXNVc2VyL0ZSdkNfSlRXaHVj","metadata":{"@type":"type.googleapis.com/google.cloud.functions.v1.OperationMetadataV1","target":"projects/functions-bank/locations/us-central1/functions/isUser","type":"UPDATE_FUNCTION","request":{"@type":"type.googleapis.com/google.cloud.functions.v1.CloudFunction","name":"projects/functions-bank/locations/us-central1/functions/isUser","httpsTrigger":{"url":"https://us-central1-functions-bank.cloudfunctions.net/isUser","securityLevel":"SECURE_ALWAYS"},"status":"OFFLINE","entryPoint":"isUser","timeout":"60s","availableMemoryMb":256,"serviceAccountEmail":"functions-bank@appspot.gserviceaccount.com","updateTime":"2022-08-01T01:36:35.529Z","versionId":"2","labels":{"deployment-tool":"cli-firebase"},"sourceUploadUrl":"https://storage.googleapis.com/uploads-870899510773.us-central1.cloudfunctions.appspot.com/ae72b83e-51de-4186-86b4-553a3e10938e.zip?GoogleAccessId=service-87983874345@gcf-admin-robot.iam.gserviceaccount.com&Expires=1659320112&Signature=ZfVMQbZ65LbcA2DbLw3AR01sLcIQAjiy8nZbzcpff5RZ0orpQ6eycEdbIRqNhEQMoyRHUwiwKuokzCay2HKwtbqgw7vIKG5lef1Cn3zMwkxbRwognzXbmjJa4XakLmnLZmYv31Cxm6fKqMRF7JDVxzLY3RZxxYVueYLvlma2b6h4bzV7nXu3J3H2193GTLup5m1lbA1qVQCTHbMLe8PjLJr3nyfdnqeQu%2FpVZRyZX0rDuHdMovBYhlR4M56pN4RmRVmKAZjxBqpuUq6PzctcrSlkC8vsTPVfgIo7pGu9GHRehVYtWXLjP%2BD6L8iCtAEjpD3gfC7DTy1fsKW2iphvSA%3D%3D","environmentVariables":{"FIREBASE_CONFIG":"{\"projectId\":\"functions-bank\",\"databaseURL\":\"https://functions-bank-default-rtdb.firebaseio.com\",\"storageBucket\":\"functions-bank.appspot.com\",\"locationId\":\"us-central\"}","GCLOUD_PROJECT":"functions-bank"},"runtime":"nodejs16","ingressSettings":"ALLOW_ALL","buildId":"aaa1745c-2b74-409b-ae87-758ccba754aa","buildName":"projects/87983874345/locations/us-central1/builds/aaa1745c-2b74-409b-ae87-758ccba754aa","dockerRegistry":"ARTIFACT_REGISTRY"},"versionId":"3","updateTime":"2022-08-01T01:45:13Z","buildId":"70502a68-456e-47f6-ba55-61a0aa274daa","buildName":"projects/87983874345/locations/us-central1/builds/70502a68-456e-47f6-ba55-61a0aa274daa"}}
[debug] [2022-08-01T01:45:39.460Z] [update-default-us-central1-isUser] Retrying task index 0
[debug] [2022-08-01T01:45:39.461Z] >>> [apiv2][query] GET https://cloudfunctions.googleapis.com/v1/operations/ZnVuY3Rpb25zLWJhbmsvdXMtY2VudHJhbDEvaXNVc2VyL0ZSdkNfSlRXaHVj [none]
[debug] [2022-08-01T01:45:39.600Z] <<< [apiv2][status] GET https://cloudfunctions.googleapis.com/v1/operations/ZnVuY3Rpb25zLWJhbmsvdXMtY2VudHJhbDEvaXNVc2VyL0ZSdkNfSlRXaHVj 200
[debug] [2022-08-01T01:45:39.600Z] <<< [apiv2][body] GET https://cloudfunctions.googleapis.com/v1/operations/ZnVuY3Rpb25zLWJhbmsvdXMtY2VudHJhbDEvaXNVc2VyL0ZSdkNfSlRXaHVj {"name":"operations/ZnVuY3Rpb25zLWJhbmsvdXMtY2VudHJhbDEvaXNVc2VyL0ZSdkNfSlRXaHVj","metadata":{"@type":"type.googleapis.com/google.cloud.functions.v1.OperationMetadataV1","target":"projects/functions-bank/locations/us-central1/functions/isUser","type":"UPDATE_FUNCTION","request":{"@type":"type.googleapis.com/google.cloud.functions.v1.CloudFunction","name":"projects/functions-bank/locations/us-central1/functions/isUser","httpsTrigger":{"url":"https://us-central1-functions-bank.cloudfunctions.net/isUser","securityLevel":"SECURE_ALWAYS"},"status":"OFFLINE","entryPoint":"isUser","timeout":"60s","availableMemoryMb":256,"serviceAccountEmail":"functions-bank@appspot.gserviceaccount.com","updateTime":"2022-08-01T01:36:35.529Z","versionId":"2","labels":{"deployment-tool":"cli-firebase"},"sourceUploadUrl":"https://storage.googleapis.com/uploads-870899510773.us-central1.cloudfunctions.appspot.com/ae72b83e-51de-4186-86b4-553a3e10938e.zip?GoogleAccessId=service-87983874345@gcf-admin-robot.iam.gserviceaccount.com&Expires=1659320112&Signature=ZfVMQbZ65LbcA2DbLw3AR01sLcIQAjiy8nZbzcpff5RZ0orpQ6eycEdbIRqNhEQMoyRHUwiwKuokzCay2HKwtbqgw7vIKG5lef1Cn3zMwkxbRwognzXbmjJa4XakLmnLZmYv31Cxm6fKqMRF7JDVxzLY3RZxxYVueYLvlma2b6h4bzV7nXu3J3H2193GTLup5m1lbA1qVQCTHbMLe8PjLJr3nyfdnqeQu%2FpVZRyZX0rDuHdMovBYhlR4M56pN4RmRVmKAZjxBqpuUq6PzctcrSlkC8vsTPVfgIo7pGu9GHRehVYtWXLjP%2BD6L8iCtAEjpD3gfC7DTy1fsKW2iphvSA%3D%3D","environmentVariables":{"FIREBASE_CONFIG":"{\"projectId\":\"functions-bank\",\"databaseURL\":\"https://functions-bank-default-rtdb.firebaseio.com\",\"storageBucket\":\"functions-bank.appspot.com\",\"locationId\":\"us-central\"}","GCLOUD_PROJECT":"functions-bank"},"runtime":"nodejs16","ingressSettings":"ALLOW_ALL","buildId":"aaa1745c-2b74-409b-ae87-758ccba754aa","buildName":"projects/87983874345/locations/us-central1/builds/aaa1745c-2b74-409b-ae87-758ccba754aa","dockerRegistry":"ARTIFACT_REGISTRY"},"versionId":"3","updateTime":"2022-08-01T01:45:13Z","buildId":"70502a68-456e-47f6-ba55-61a0aa274daa","buildName":"projects/87983874345/locations/us-central1/builds/70502a68-456e-47f6-ba55-61a0aa274daa"}}
[debug] [2022-08-01T01:45:49.602Z] [update-default-us-central1-isUser] Retrying task index 0
[debug] [2022-08-01T01:45:49.602Z] >>> [apiv2][query] GET https://cloudfunctions.googleapis.com/v1/operations/ZnVuY3Rpb25zLWJhbmsvdXMtY2VudHJhbDEvaXNVc2VyL0ZSdkNfSlRXaHVj [none]
[debug] [2022-08-01T01:45:49.714Z] <<< [apiv2][status] GET https://cloudfunctions.googleapis.com/v1/operations/ZnVuY3Rpb25zLWJhbmsvdXMtY2VudHJhbDEvaXNVc2VyL0ZSdkNfSlRXaHVj 200
[debug] [2022-08-01T01:45:49.714Z] <<< [apiv2][body] GET https://cloudfunctions.googleapis.com/v1/operations/ZnVuY3Rpb25zLWJhbmsvdXMtY2VudHJhbDEvaXNVc2VyL0ZSdkNfSlRXaHVj {"name":"operations/ZnVuY3Rpb25zLWJhbmsvdXMtY2VudHJhbDEvaXNVc2VyL0ZSdkNfSlRXaHVj","metadata":{"@type":"type.googleapis.com/google.cloud.functions.v1.OperationMetadataV1","target":"projects/functions-bank/locations/us-central1/functions/isUser","type":"UPDATE_FUNCTION","request":{"@type":"type.googleapis.com/google.cloud.functions.v1.CloudFunction","name":"projects/functions-bank/locations/us-central1/functions/isUser","httpsTrigger":{"url":"https://us-central1-functions-bank.cloudfunctions.net/isUser","securityLevel":"SECURE_ALWAYS"},"status":"OFFLINE","entryPoint":"isUser","timeout":"60s","availableMemoryMb":256,"serviceAccountEmail":"functions-bank@appspot.gserviceaccount.com","updateTime":"2022-08-01T01:36:35.529Z","versionId":"2","labels":{"deployment-tool":"cli-firebase"},"sourceUploadUrl":"https://storage.googleapis.com/uploads-870899510773.us-central1.cloudfunctions.appspot.com/ae72b83e-51de-4186-86b4-553a3e10938e.zip?GoogleAccessId=service-87983874345@gcf-admin-robot.iam.gserviceaccount.com&Expires=1659320112&Signature=ZfVMQbZ65LbcA2DbLw3AR01sLcIQAjiy8nZbzcpff5RZ0orpQ6eycEdbIRqNhEQMoyRHUwiwKuokzCay2HKwtbqgw7vIKG5lef1Cn3zMwkxbRwognzXbmjJa4XakLmnLZmYv31Cxm6fKqMRF7JDVxzLY3RZxxYVueYLvlma2b6h4bzV7nXu3J3H2193GTLup5m1lbA1qVQCTHbMLe8PjLJr3nyfdnqeQu%2FpVZRyZX0rDuHdMovBYhlR4M56pN4RmRVmKAZjxBqpuUq6PzctcrSlkC8vsTPVfgIo7pGu9GHRehVYtWXLjP%2BD6L8iCtAEjpD3gfC7DTy1fsKW2iphvSA%3D%3D","environmentVariables":{"FIREBASE_CONFIG":"{\"projectId\":\"functions-bank\",\"databaseURL\":\"https://functions-bank-default-rtdb.firebaseio.com\",\"storageBucket\":\"functions-bank.appspot.com\",\"locationId\":\"us-central\"}","GCLOUD_PROJECT":"functions-bank"},"runtime":"nodejs16","ingressSettings":"ALLOW_ALL","buildId":"aaa1745c-2b74-409b-ae87-758ccba754aa","buildName":"projects/87983874345/locations/us-central1/builds/aaa1745c-2b74-409b-ae87-758ccba754aa","dockerRegistry":"ARTIFACT_REGISTRY"},"versionId":"3","updateTime":"2022-08-01T01:45:13Z","buildId":"70502a68-456e-47f6-ba55-61a0aa274daa","buildName":"projects/87983874345/locations/us-central1/builds/70502a68-456e-47f6-ba55-61a0aa274daa"}}
[debug] [2022-08-01T01:45:59.715Z] [update-default-us-central1-isUser] Retrying task index 0
[debug] [2022-08-01T01:45:59.716Z] >>> [apiv2][query] GET https://cloudfunctions.googleapis.com/v1/operations/ZnVuY3Rpb25zLWJhbmsvdXMtY2VudHJhbDEvaXNVc2VyL0ZSdkNfSlRXaHVj [none]
[debug] [2022-08-01T01:45:59.843Z] <<< [apiv2][status] GET https://cloudfunctions.googleapis.com/v1/operations/ZnVuY3Rpb25zLWJhbmsvdXMtY2VudHJhbDEvaXNVc2VyL0ZSdkNfSlRXaHVj 200
[debug] [2022-08-01T01:45:59.843Z] <<< [apiv2][body] GET https://cloudfunctions.googleapis.com/v1/operations/ZnVuY3Rpb25zLWJhbmsvdXMtY2VudHJhbDEvaXNVc2VyL0ZSdkNfSlRXaHVj {"name":"operations/ZnVuY3Rpb25zLWJhbmsvdXMtY2VudHJhbDEvaXNVc2VyL0ZSdkNfSlRXaHVj","metadata":{"@type":"type.googleapis.com/google.cloud.functions.v1.OperationMetadataV1","target":"projects/functions-bank/locations/us-central1/functions/isUser","type":"UPDATE_FUNCTION","request":{"@type":"type.googleapis.com/google.cloud.functions.v1.CloudFunction","name":"projects/functions-bank/locations/us-central1/functions/isUser","httpsTrigger":{"url":"https://us-central1-functions-bank.cloudfunctions.net/isUser","securityLevel":"SECURE_ALWAYS"},"status":"OFFLINE","entryPoint":"isUser","timeout":"60s","availableMemoryMb":256,"serviceAccountEmail":"functions-bank@appspot.gserviceaccount.com","updateTime":"2022-08-01T01:36:35.529Z","versionId":"2","labels":{"deployment-tool":"cli-firebase"},"sourceUploadUrl":"https://storage.googleapis.com/uploads-870899510773.us-central1.cloudfunctions.appspot.com/ae72b83e-51de-4186-86b4-553a3e10938e.zip?GoogleAccessId=service-87983874345@gcf-admin-robot.iam.gserviceaccount.com&Expires=1659320112&Signature=ZfVMQbZ65LbcA2DbLw3AR01sLcIQAjiy8nZbzcpff5RZ0orpQ6eycEdbIRqNhEQMoyRHUwiwKuokzCay2HKwtbqgw7vIKG5lef1Cn3zMwkxbRwognzXbmjJa4XakLmnLZmYv31Cxm6fKqMRF7JDVxzLY3RZxxYVueYLvlma2b6h4bzV7nXu3J3H2193GTLup5m1lbA1qVQCTHbMLe8PjLJr3nyfdnqeQu%2FpVZRyZX0rDuHdMovBYhlR4M56pN4RmRVmKAZjxBqpuUq6PzctcrSlkC8vsTPVfgIo7pGu9GHRehVYtWXLjP%2BD6L8iCtAEjpD3gfC7DTy1fsKW2iphvSA%3D%3D","environmentVariables":{"FIREBASE_CONFIG":"{\"projectId\":\"functions-bank\",\"databaseURL\":\"https://functions-bank-default-rtdb.firebaseio.com\",\"storageBucket\":\"functions-bank.appspot.com\",\"locationId\":\"us-central\"}","GCLOUD_PROJECT":"functions-bank"},"runtime":"nodejs16","ingressSettings":"ALLOW_ALL","buildId":"aaa1745c-2b74-409b-ae87-758ccba754aa","buildName":"projects/87983874345/locations/us-central1/builds/aaa1745c-2b74-409b-ae87-758ccba754aa","dockerRegistry":"ARTIFACT_REGISTRY"},"versionId":"3","updateTime":"2022-08-01T01:45:13Z","buildId":"70502a68-456e-47f6-ba55-61a0aa274daa","buildName":"projects/87983874345/locations/us-central1/builds/70502a68-456e-47f6-ba55-61a0aa274daa"}}
[debug] [2022-08-01T01:46:09.845Z] [update-default-us-central1-isUser] Retrying task index 0
[debug] [2022-08-01T01:46:09.845Z] >>> [apiv2][query] GET https://cloudfunctions.googleapis.com/v1/operations/ZnVuY3Rpb25zLWJhbmsvdXMtY2VudHJhbDEvaXNVc2VyL0ZSdkNfSlRXaHVj [none]
[debug] [2022-08-01T01:46:09.968Z] <<< [apiv2][status] GET https://cloudfunctions.googleapis.com/v1/operations/ZnVuY3Rpb25zLWJhbmsvdXMtY2VudHJhbDEvaXNVc2VyL0ZSdkNfSlRXaHVj 200
[debug] [2022-08-01T01:46:09.969Z] <<< [apiv2][body] GET https://cloudfunctions.googleapis.com/v1/operations/ZnVuY3Rpb25zLWJhbmsvdXMtY2VudHJhbDEvaXNVc2VyL0ZSdkNfSlRXaHVj {"name":"operations/ZnVuY3Rpb25zLWJhbmsvdXMtY2VudHJhbDEvaXNVc2VyL0ZSdkNfSlRXaHVj","metadata":{"@type":"type.googleapis.com/google.cloud.functions.v1.OperationMetadataV1","target":"projects/functions-bank/locations/us-central1/functions/isUser","type":"UPDATE_FUNCTION","request":{"@type":"type.googleapis.com/google.cloud.functions.v1.CloudFunction","name":"projects/functions-bank/locations/us-central1/functions/isUser","httpsTrigger":{"url":"https://us-central1-functions-bank.cloudfunctions.net/isUser","securityLevel":"SECURE_ALWAYS"},"status":"OFFLINE","entryPoint":"isUser","timeout":"60s","availableMemoryMb":256,"serviceAccountEmail":"functions-bank@appspot.gserviceaccount.com","updateTime":"2022-08-01T01:36:35.529Z","versionId":"2","labels":{"deployment-tool":"cli-firebase"},"sourceUploadUrl":"https://storage.googleapis.com/uploads-870899510773.us-central1.cloudfunctions.appspot.com/ae72b83e-51de-4186-86b4-553a3e10938e.zip?GoogleAccessId=service-87983874345@gcf-admin-robot.iam.gserviceaccount.com&Expires=1659320112&Signature=ZfVMQbZ65LbcA2DbLw3AR01sLcIQAjiy8nZbzcpff5RZ0orpQ6eycEdbIRqNhEQMoyRHUwiwKuokzCay2HKwtbqgw7vIKG5lef1Cn3zMwkxbRwognzXbmjJa4XakLmnLZmYv31Cxm6fKqMRF7JDVxzLY3RZxxYVueYLvlma2b6h4bzV7nXu3J3H2193GTLup5m1lbA1qVQCTHbMLe8PjLJr3nyfdnqeQu%2FpVZRyZX0rDuHdMovBYhlR4M56pN4RmRVmKAZjxBqpuUq6PzctcrSlkC8vsTPVfgIo7pGu9GHRehVYtWXLjP%2BD6L8iCtAEjpD3gfC7DTy1fsKW2iphvSA%3D%3D","environmentVariables":{"FIREBASE_CONFIG":"{\"projectId\":\"functions-bank\",\"databaseURL\":\"https://functions-bank-default-rtdb.firebaseio.com\",\"storageBucket\":\"functions-bank.appspot.com\",\"locationId\":\"us-central\"}","GCLOUD_PROJECT":"functions-bank"},"runtime":"nodejs16","ingressSettings":"ALLOW_ALL","buildId":"aaa1745c-2b74-409b-ae87-758ccba754aa","buildName":"projects/87983874345/locations/us-central1/builds/aaa1745c-2b74-409b-ae87-758ccba754aa","dockerRegistry":"ARTIFACT_REGISTRY"},"versionId":"3","updateTime":"2022-08-01T01:45:13Z","buildId":"70502a68-456e-47f6-ba55-61a0aa274daa","sourceToken":"431f2f6d-1ca7-43bf-afde-a94778af9b48","buildName":"projects/87983874345/locations/us-central1/builds/70502a68-456e-47f6-ba55-61a0aa274daa"}}
[debug] [2022-08-01T01:46:09.969Z] Got source token 431f2f6d-1ca7-43bf-afde-a94778af9b48 for region us-central1
[debug] [2022-08-01T01:46:19.969Z] [update-default-us-central1-isUser] Retrying task index 0
[debug] [2022-08-01T01:46:19.970Z] >>> [apiv2][query] GET https://cloudfunctions.googleapis.com/v1/operations/ZnVuY3Rpb25zLWJhbmsvdXMtY2VudHJhbDEvaXNVc2VyL0ZSdkNfSlRXaHVj [none]
[debug] [2022-08-01T01:46:20.124Z] <<< [apiv2][status] GET https://cloudfunctions.googleapis.com/v1/operations/ZnVuY3Rpb25zLWJhbmsvdXMtY2VudHJhbDEvaXNVc2VyL0ZSdkNfSlRXaHVj 200
[debug] [2022-08-01T01:46:20.125Z] <<< [apiv2][body] GET https://cloudfunctions.googleapis.com/v1/operations/ZnVuY3Rpb25zLWJhbmsvdXMtY2VudHJhbDEvaXNVc2VyL0ZSdkNfSlRXaHVj {"name":"operations/ZnVuY3Rpb25zLWJhbmsvdXMtY2VudHJhbDEvaXNVc2VyL0ZSdkNfSlRXaHVj","metadata":{"@type":"type.googleapis.com/google.cloud.functions.v1.OperationMetadataV1","target":"projects/functions-bank/locations/us-central1/functions/isUser","type":"UPDATE_FUNCTION","request":{"@type":"type.googleapis.com/google.cloud.functions.v1.CloudFunction","name":"projects/functions-bank/locations/us-central1/functions/isUser","httpsTrigger":{"url":"https://us-central1-functions-bank.cloudfunctions.net/isUser","securityLevel":"SECURE_ALWAYS"},"status":"OFFLINE","entryPoint":"isUser","timeout":"60s","availableMemoryMb":256,"serviceAccountEmail":"functions-bank@appspot.gserviceaccount.com","updateTime":"2022-08-01T01:36:35.529Z","versionId":"2","labels":{"deployment-tool":"cli-firebase"},"sourceUploadUrl":"https://storage.googleapis.com/uploads-870899510773.us-central1.cloudfunctions.appspot.com/ae72b83e-51de-4186-86b4-553a3e10938e.zip?GoogleAccessId=service-87983874345@gcf-admin-robot.iam.gserviceaccount.com&Expires=1659320112&Signature=ZfVMQbZ65LbcA2DbLw3AR01sLcIQAjiy8nZbzcpff5RZ0orpQ6eycEdbIRqNhEQMoyRHUwiwKuokzCay2HKwtbqgw7vIKG5lef1Cn3zMwkxbRwognzXbmjJa4XakLmnLZmYv31Cxm6fKqMRF7JDVxzLY3RZxxYVueYLvlma2b6h4bzV7nXu3J3H2193GTLup5m1lbA1qVQCTHbMLe8PjLJr3nyfdnqeQu%2FpVZRyZX0rDuHdMovBYhlR4M56pN4RmRVmKAZjxBqpuUq6PzctcrSlkC8vsTPVfgIo7pGu9GHRehVYtWXLjP%2BD6L8iCtAEjpD3gfC7DTy1fsKW2iphvSA%3D%3D","environmentVariables":{"FIREBASE_CONFIG":"{\"projectId\":\"functions-bank\",\"databaseURL\":\"https://functions-bank-default-rtdb.firebaseio.com\",\"storageBucket\":\"functions-bank.appspot.com\",\"locationId\":\"us-central\"}","GCLOUD_PROJECT":"functions-bank"},"runtime":"nodejs16","ingressSettings":"ALLOW_ALL","buildId":"aaa1745c-2b74-409b-ae87-758ccba754aa","buildName":"projects/87983874345/locations/us-central1/builds/aaa1745c-2b74-409b-ae87-758ccba754aa","dockerRegistry":"ARTIFACT_REGISTRY"},"versionId":"3","updateTime":"2022-08-01T01:46:16Z","buildId":"70502a68-456e-47f6-ba55-61a0aa274daa","sourceToken":"431f2f6d-1ca7-43bf-afde-a94778af9b48","buildName":"projects/87983874345/locations/us-central1/builds/70502a68-456e-47f6-ba55-61a0aa274daa"},"done":true,"error":{"code":3,"message":"Function failed on loading user code. This is likely due to a bug in the user code. Error message: Error: please examine your function logs to see the error cause: https://cloud.google.com/functions/docs/monitoring/logging#viewing_logs. Additional troubleshooting documentation can be found at https://cloud.google.com/functions/docs/troubleshooting#logging. Please visit https://cloud.google.com/functions/docs/troubleshooting for in-depth troubleshooting documentation."}}
[debug] [2022-08-01T01:46:20.125Z] Got source token 431f2f6d-1ca7-43bf-afde-a94778af9b48 for region us-central1
[error] Function failed on loading user code. This is likely due to a bug in the user code. Error message: Error: please examine your function logs to see the error cause: https://cloud.google.com/functions/docs/monitoring/logging#viewing_logs. Additional troubleshooting documentation can be found at https://cloud.google.com/functions/docs/troubleshooting#logging. Please visit https://cloud.google.com/functions/docs/troubleshooting for in-depth troubleshooting documentation.
[debug] [2022-08-01T01:46:20.132Z] Total Function Deployment time: 67356
[debug] [2022-08-01T01:46:20.132Z] 1 Functions Deployed
[debug] [2022-08-01T01:46:20.132Z] 1 Functions Errored
[debug] [2022-08-01T01:46:20.132Z] 0 Function Deployments Aborted
[debug] [2022-08-01T01:46:20.133Z] Average Function Deployment time: 67355
[info] 
[info] Functions deploy had errors with the following functions:
	isUser(us-central1)
[debug] [2022-08-01T01:46:20.256Z] Not printing URL for HTTPS function. Typically this means it didn't match a filter or we failed deployment
[info] i  functions: cleaning up build files... 
[debug] [2022-08-01T01:46:20.259Z] >>> [apiv2][query] DELETE https://artifactregistry.googleapis.com/v1beta2/projects/functions-bank/locations/us-central1/repositories/gcf-artifacts/packages/is_user [none]
[debug] [2022-08-01T01:46:20.260Z] >>> [apiv2][query] GET https://us.gcr.io/v2/functions-bank/gcf/us-central1/tags/list [none]
[debug] [2022-08-01T01:46:20.399Z] <<< [apiv2][status] GET https://us.gcr.io/v2/functions-bank/gcf/us-central1/tags/list 200
[debug] [2022-08-01T01:46:20.399Z] <<< [apiv2][body] GET https://us.gcr.io/v2/functions-bank/gcf/us-central1/tags/list {"child":[],"manifest":{},"name":"functions-bank/gcf/us-central1","tags":[]}
[debug] [2022-08-01T01:46:20.400Z] Could not find image for function projects/functions-bank/locations/us-central1/functions/isUser
[debug] [2022-08-01T01:46:20.405Z] <<< [apiv2][status] DELETE https://artifactregistry.googleapis.com/v1beta2/projects/functions-bank/locations/us-central1/repositories/gcf-artifacts/packages/is_user 200
[debug] [2022-08-01T01:46:20.405Z] <<< [apiv2][body] DELETE https://artifactregistry.googleapis.com/v1beta2/projects/functions-bank/locations/us-central1/repositories/gcf-artifacts/packages/is_user {"name":"projects/functions-bank/locations/us-central1/operations/61f99286-779c-40f4-b493-7b00affdee54","metadata":{"@type":"type.googleapis.com/google.devtools.artifactregistry.v1beta2.OperationMetadata"}}
[debug] [2022-08-01T01:46:20.405Z] >>> [apiv2][query] GET https://artifactregistry.googleapis.com/v1beta2/projects/functions-bank/locations/us-central1/operations/61f99286-779c-40f4-b493-7b00affdee54 [none]
[debug] [2022-08-01T01:46:20.533Z] <<< [apiv2][status] GET https://artifactregistry.googleapis.com/v1beta2/projects/functions-bank/locations/us-central1/operations/61f99286-779c-40f4-b493-7b00affdee54 200
[debug] [2022-08-01T01:46:20.533Z] <<< [apiv2][body] GET https://artifactregistry.googleapis.com/v1beta2/projects/functions-bank/locations/us-central1/operations/61f99286-779c-40f4-b493-7b00affdee54 {"name":"projects/functions-bank/locations/us-central1/operations/61f99286-779c-40f4-b493-7b00affdee54","metadata":{"@type":"type.googleapis.com/google.devtools.artifactregistry.v1beta2.OperationMetadata"},"done":true,"response":{"@type":"type.googleapis.com/google.protobuf.Empty"}}
[debug] [2022-08-01T01:46:20.533Z] Functions deploy failed.
[debug] [2022-08-01T01:46:20.533Z] {
  "endpoint": {
    "id": "isUser",
    "project": "functions-bank",
    "region": "us-central1",
    "entryPoint": "isUser",
    "platform": "gcfv1",
    "runtime": "nodejs16",
    "timeoutSeconds": 60,
    "httpsTrigger": {},
    "environmentVariables": {
      "FIREBASE_CONFIG": "{\"projectId\":\"functions-bank\",\"databaseURL\":\"https://functions-bank-default-rtdb.firebaseio.com\",\"storageBucket\":\"functions-bank.appspot.com\",\"locationId\":\"us-central\"}",
      "GCLOUD_PROJECT": "functions-bank"
    },
    "codebase": "default",
    "availableMemoryMb": 256,
    "securityLevel": "SECURE_ALWAYS",
    "labels": {
      "deployment-tool": "cli-firebase"
    }
  },
  "op": "update",
  "original": {
    "name": "FirebaseError",
    "children": [],
    "exit": 1,
    "message": "Function failed on loading user code. This is likely due to a bug in the user code. Error message: Error: please examine your function logs to see the error cause: https://cloud.google.com/functions/docs/monitoring/logging#viewing_logs. Additional troubleshooting documentation can be found at https://cloud.google.com/functions/docs/troubleshooting#logging. Please visit https://cloud.google.com/functions/docs/troubleshooting for in-depth troubleshooting documentation.",
    "status": 3
  }
}
[debug] [2022-08-01T01:46:20.608Z] Error: Failed to update function isUser in region us-central1
    at /usr/local/lib/node_modules/firebase-tools/lib/deploy/functions/release/fabricator.js:41:11
    at processTicksAndRejections (node:internal/process/task_queues:96:5)
    at async Fabricator.updateV1Function (/usr/local/lib/node_modules/firebase-tools/lib/deploy/functions/release/fabricator.js:295:32)
    at async Fabricator.updateEndpoint (/usr/local/lib/node_modules/firebase-tools/lib/deploy/functions/release/fabricator.js:136:13)
    at async handle (/usr/local/lib/node_modules/firebase-tools/lib/deploy/functions/release/fabricator.js:77:17)
[error] 
[error] Error: There was an error deploying functions
